Distributed environment: NO
Num processes: 1
Process index: 0
Local process index: 0
Device: cuda
Mixed precision type: no

Sample 335243 of the training set: {'input_ids': [101, 192, 223, 1501, 1669, 2579, 1200, 6153, 7677, 175, 177, 7675, 2351, 2273, 1505, 4395, 4334, 309, 241, 6657, 201, 4456, 6576, 179, 176, 179, 102, 6608, 223, 1501, 1669, 891, 2798, 2273, 2051, 6322, 3429, 2285, 179, 102], 'attention_mask': [1, 1, 1, 1, 1, 1, 1, 1, 1, 1, 1, 1, 1, 1, 1, 1, 1, 1, 1, 1, 1, 1, 1, 1, 1, 1, 1, 1, 1, 1, 1, 1, 1, 1, 1, 1, 1, 1, 1, 1], 'labels': 0}.
Sample 58369 of the training set: {'input_ids': [101, 405, 2878, 192, 223, 362, 6317, 6362, 7675, 362, 6153, 6131, 4334, 841, 899, 306, 3926, 179, 102, 405, 2878, 192, 223, 3252, 861, 4334, 841, 899, 306, 3926, 179, 102], 'attention_mask': [1, 1, 1, 1, 1, 1, 1, 1, 1, 1, 1, 1, 1, 1, 1, 1, 1, 1, 1, 1, 1, 1, 1, 1, 1, 1, 1, 1, 1, 1, 1, 1], 'labels': 2}.
Sample 13112 of the training set: {'input_ids': [101, 546, 192, 286, 3385, 2878, 878, 6498, 3242, 6028, 2699, 5218, 4334, 4190, 306, 192, 3022, 7675, 7045, 5557, 2736, 7160, 1960, 1758, 6739, 829, 694, 2714, 1656, 179, 102, 878, 6498, 3242, 6028, 2699, 5218, 4334, 306, 6548, 1960, 201, 1758, 6739, 829, 694, 2714, 1656, 179, 102], 'attention_mask': [1, 1, 1, 1, 1, 1, 1, 1, 1, 1, 1, 1, 1, 1, 1, 1, 1, 1, 1, 1, 1, 1, 1, 1, 1, 1, 1, 1, 1, 1, 1, 1, 1, 1, 1, 1, 1, 1, 1, 1, 1, 1, 1, 1, 1, 1, 1, 1, 1, 1], 'labels': 0}.
***** Running training *****
  Num examples = 391783
  Num Epochs = 10
  Instantaneous batch size per device = 32
  Total train batch size (w. parallel, distributed & accumulation) = 32
  Gradient Accumulation steps = 1
  Total optimization steps = 122440
completed_steps 50 - loss: 1.19680786
completed_steps 100 - loss: 0.95714688
completed_steps 150 - loss: 0.82968521
completed_steps 200 - loss: 0.92313164
completed_steps 250 - loss: 0.93852741
completed_steps 300 - loss: 0.60120356
completed_steps 350 - loss: 0.95842814
completed_steps 400 - loss: 0.61969352
completed_steps 450 - loss: 0.56082743
completed_steps 500 - loss: 0.62489790
completed_steps 550 - loss: 0.53011435
completed_steps 600 - loss: 0.79219592
completed_steps 650 - loss: 0.66656518
completed_steps 700 - loss: 0.76295692
completed_steps 750 - loss: 0.59992450
completed_steps 800 - loss: 0.69576085
completed_steps 850 - loss: 0.61011207
completed_steps 900 - loss: 0.44508976
completed_steps 950 - loss: 0.54632849
completed_steps 1000 - loss: 0.60112751
completed_steps 1050 - loss: 0.80500168
completed_steps 1100 - loss: 0.62328953
completed_steps 1150 - loss: 0.63025665
completed_steps 1200 - loss: 0.71604002
completed_steps 1250 - loss: 0.67992967
completed_steps 1300 - loss: 0.58010596
completed_steps 1350 - loss: 0.37538612
completed_steps 1400 - loss: 0.54560792
completed_steps 1450 - loss: 0.65654737
completed_steps 1500 - loss: 0.49276447
completed_steps 1550 - loss: 0.57046813
completed_steps 1600 - loss: 0.59954214
completed_steps 1650 - loss: 0.68544662
completed_steps 1700 - loss: 0.54327059
completed_steps 1750 - loss: 0.64810151
completed_steps 1800 - loss: 0.84170985
completed_steps 1850 - loss: 0.70381117
completed_steps 1900 - loss: 0.47327584
completed_steps 1950 - loss: 0.70311379
completed_steps 2000 - loss: 0.58783686
completed_steps 2050 - loss: 0.57654411
completed_steps 2100 - loss: 0.68992692
completed_steps 2150 - loss: 0.96491289
completed_steps 2200 - loss: 0.36200964
completed_steps 2250 - loss: 0.74814153
completed_steps 2300 - loss: 0.58096731
completed_steps 2350 - loss: 0.75228840
completed_steps 2400 - loss: 0.37259635
completed_steps 2450 - loss: 0.66908354
completed_steps 2500 - loss: 0.67950761
completed_steps 2550 - loss: 0.63398409
completed_steps 2600 - loss: 0.75012362
completed_steps 2650 - loss: 0.56194901
completed_steps 2700 - loss: 0.80137426
completed_steps 2750 - loss: 0.60887623
completed_steps 2800 - loss: 0.43038118
completed_steps 2850 - loss: 0.71067351
completed_steps 2900 - loss: 0.49736971
completed_steps 2950 - loss: 0.49454960
completed_steps 3000 - loss: 0.65555692
completed_steps 3050 - loss: 0.44964820
completed_steps 3100 - loss: 0.72783792
completed_steps 3150 - loss: 0.40264449
completed_steps 3200 - loss: 0.80180115
completed_steps 3250 - loss: 0.88532150
completed_steps 3300 - loss: 0.43692979
completed_steps 3350 - loss: 0.48191047
completed_steps 3400 - loss: 0.73660553
completed_steps 3450 - loss: 0.70623553
completed_steps 3500 - loss: 0.49810299
completed_steps 3550 - loss: 0.42001688
completed_steps 3600 - loss: 0.45513007
completed_steps 3650 - loss: 0.58763522
completed_steps 3700 - loss: 0.66141844
completed_steps 3750 - loss: 0.51213163
completed_steps 3800 - loss: 0.70730108
completed_steps 3850 - loss: 0.61807567
completed_steps 3900 - loss: 0.60371590
completed_steps 3950 - loss: 0.41489536
completed_steps 4000 - loss: 0.60371685
completed_steps 4050 - loss: 0.52365607
completed_steps 4100 - loss: 0.58077532
completed_steps 4150 - loss: 0.53703094
completed_steps 4200 - loss: 0.34584174
completed_steps 4250 - loss: 0.60900086
completed_steps 4300 - loss: 0.82604355
completed_steps 4350 - loss: 0.49698278
completed_steps 4400 - loss: 0.62061876
completed_steps 4450 - loss: 0.67186475
completed_steps 4500 - loss: 0.52614248
completed_steps 4550 - loss: 0.40855056
completed_steps 4600 - loss: 0.20080265
completed_steps 4650 - loss: 0.35394451
completed_steps 4700 - loss: 0.41087720
completed_steps 4750 - loss: 0.64639986
completed_steps 4800 - loss: 0.68274790
completed_steps 4850 - loss: 0.46240032
completed_steps 4900 - loss: 0.37960991
completed_steps 4950 - loss: 0.38189477
completed_steps 5000 - loss: 0.44247481
completed_steps 5050 - loss: 0.58254802
completed_steps 5100 - loss: 0.33110693
completed_steps 5150 - loss: 0.70147854
completed_steps 5200 - loss: 0.24873285
completed_steps 5250 - loss: 0.79671216
completed_steps 5300 - loss: 0.64718693
completed_steps 5350 - loss: 0.82418555
completed_steps 5400 - loss: 0.92022240
completed_steps 5450 - loss: 0.71428978
completed_steps 5500 - loss: 0.62828559
completed_steps 5550 - loss: 0.63073713
completed_steps 5600 - loss: 0.56513548
completed_steps 5650 - loss: 0.46978688
completed_steps 5700 - loss: 0.55987394
completed_steps 5750 - loss: 0.69107056
completed_steps 5800 - loss: 0.43288165
completed_steps 5850 - loss: 0.44813001
completed_steps 5900 - loss: 0.78606480
completed_steps 5950 - loss: 0.66387534
completed_steps 6000 - loss: 0.83200723
completed_steps 6050 - loss: 0.57115710
completed_steps 6100 - loss: 0.59572333
completed_steps 6150 - loss: 0.69751638
completed_steps 6200 - loss: 0.38644993
completed_steps 6250 - loss: 0.67114687
completed_steps 6300 - loss: 0.68725502
completed_steps 6350 - loss: 0.53732437
completed_steps 6400 - loss: 0.59906346
completed_steps 6450 - loss: 0.39843115
completed_steps 6500 - loss: 0.47477257
completed_steps 6550 - loss: 0.52841318
completed_steps 6600 - loss: 0.60641843
completed_steps 6650 - loss: 0.50392044
completed_steps 6700 - loss: 0.58483392
completed_steps 6750 - loss: 0.55406004
completed_steps 6800 - loss: 0.71254563
completed_steps 6850 - loss: 0.50073576
completed_steps 6900 - loss: 0.57122695
completed_steps 6950 - loss: 0.60903567
completed_steps 7000 - loss: 0.55335975
completed_steps 7050 - loss: 0.61491770
completed_steps 7100 - loss: 0.54622930
completed_steps 7150 - loss: 0.93634272
completed_steps 7200 - loss: 0.65568012
completed_steps 7250 - loss: 0.82441211
completed_steps 7300 - loss: 0.29306015
completed_steps 7350 - loss: 0.61812633
completed_steps 7400 - loss: 0.26921013
completed_steps 7450 - loss: 0.68920374
completed_steps 7500 - loss: 0.44965073
completed_steps 7550 - loss: 0.59177661
completed_steps 7600 - loss: 0.49372521
completed_steps 7650 - loss: 0.45815006
completed_steps 7700 - loss: 0.48922276
completed_steps 7750 - loss: 0.55647689
completed_steps 7800 - loss: 0.37473410
completed_steps 7850 - loss: 0.43274879
completed_steps 7900 - loss: 0.61990231
completed_steps 7950 - loss: 0.46614558
completed_steps 8000 - loss: 0.70007563
completed_steps 8050 - loss: 0.41999239
completed_steps 8100 - loss: 0.40786821
completed_steps 8150 - loss: 0.65415305
completed_steps 8200 - loss: 0.42967889
completed_steps 8250 - loss: 0.25610313
completed_steps 8300 - loss: 0.56374288
completed_steps 8350 - loss: 0.55894309
completed_steps 8400 - loss: 0.58347070
completed_steps 8450 - loss: 0.38396716
completed_steps 8500 - loss: 0.53277212
completed_steps 8550 - loss: 0.58289182
completed_steps 8600 - loss: 0.58003813
completed_steps 8650 - loss: 0.63978320
completed_steps 8700 - loss: 0.48945007
completed_steps 8750 - loss: 0.56252378
completed_steps 8800 - loss: 0.29185101
completed_steps 8850 - loss: 0.38467422
completed_steps 8900 - loss: 0.43521944
completed_steps 8950 - loss: 0.58492887
completed_steps 9000 - loss: 0.66692954
completed_steps 9050 - loss: 0.82959825
completed_steps 9100 - loss: 0.82086515
completed_steps 9150 - loss: 0.49478182
completed_steps 9200 - loss: 0.54628938
completed_steps 9250 - loss: 0.57467234
completed_steps 9300 - loss: 0.94712770
completed_steps 9350 - loss: 0.54878229
completed_steps 9400 - loss: 0.70248550
completed_steps 9450 - loss: 0.79010117
completed_steps 9500 - loss: 0.46970087
completed_steps 9550 - loss: 0.38383418
completed_steps 9600 - loss: 0.52379727
completed_steps 9650 - loss: 0.48571348
completed_steps 9700 - loss: 0.69581169
completed_steps 9750 - loss: 0.36558077
completed_steps 9800 - loss: 0.42009044
completed_steps 9850 - loss: 0.50286686
completed_steps 9900 - loss: 0.50120062
completed_steps 9950 - loss: 0.53757477
completed_steps 10000 - loss: 0.31115898
completed_steps 10050 - loss: 0.46484345
completed_steps 10100 - loss: 0.28376618
completed_steps 10150 - loss: 0.60633236
completed_steps 10200 - loss: 0.73747647
completed_steps 10250 - loss: 0.45342797
completed_steps 10300 - loss: 0.69760221
completed_steps 10350 - loss: 0.45393014
completed_steps 10400 - loss: 0.51281267
completed_steps 10450 - loss: 0.47414643
completed_steps 10500 - loss: 0.34667262
completed_steps 10550 - loss: 0.43036756
completed_steps 10600 - loss: 0.61157215
completed_steps 10650 - loss: 0.46748799
completed_steps 10700 - loss: 0.64594764
completed_steps 10750 - loss: 0.44229627
completed_steps 10800 - loss: 0.60587180
completed_steps 10850 - loss: 0.70529252
completed_steps 10900 - loss: 0.59535533
completed_steps 10950 - loss: 0.71043319
completed_steps 11000 - loss: 0.71127576
completed_steps 11050 - loss: 0.64428383
completed_steps 11100 - loss: 0.46891293
completed_steps 11150 - loss: 0.63826305
completed_steps 11200 - loss: 0.41159022
completed_steps 11250 - loss: 0.63244414
completed_steps 11300 - loss: 0.68127668
completed_steps 11350 - loss: 0.70183510
completed_steps 11400 - loss: 0.52864522
completed_steps 11450 - loss: 0.82177991
completed_steps 11500 - loss: 0.52149647
completed_steps 11550 - loss: 0.53696376
completed_steps 11600 - loss: 0.54246110
completed_steps 11650 - loss: 0.44917846
completed_steps 11700 - loss: 0.38014460
completed_steps 11750 - loss: 0.46786436
completed_steps 11800 - loss: 0.39185277
completed_steps 11850 - loss: 0.45326081
completed_steps 11900 - loss: 0.79473680
completed_steps 11950 - loss: 0.57596719
completed_steps 12000 - loss: 0.67713785
completed_steps 12050 - loss: 0.53204912
completed_steps 12100 - loss: 0.45259559
completed_steps 12150 - loss: 0.55179644
completed_steps 12200 - loss: 0.57939631
epoch 0: {'accuracy': 0.8063066742913161}
completed_steps 12250 - loss: 0.38115427
completed_steps 12300 - loss: 0.76300126
completed_steps 12350 - loss: 0.47354287
completed_steps 12400 - loss: 0.46531439
completed_steps 12450 - loss: 0.42833546
completed_steps 12500 - loss: 0.29713127
completed_steps 12550 - loss: 0.44127846
completed_steps 12600 - loss: 0.36904854
completed_steps 12650 - loss: 0.29796642
completed_steps 12700 - loss: 0.48744279
completed_steps 12750 - loss: 0.30361670
completed_steps 12800 - loss: 0.50255483
completed_steps 12850 - loss: 0.50574398
completed_steps 12900 - loss: 0.53803974
completed_steps 12950 - loss: 0.40914157
completed_steps 13000 - loss: 0.56767327
completed_steps 13050 - loss: 0.26274115
completed_steps 13100 - loss: 0.50810468
completed_steps 13150 - loss: 0.37502083
completed_steps 13200 - loss: 0.18201955
completed_steps 13250 - loss: 0.29882517
completed_steps 13300 - loss: 0.27214709
completed_steps 13350 - loss: 0.48937100
completed_steps 13400 - loss: 0.23357549
completed_steps 13450 - loss: 0.62005508
completed_steps 13500 - loss: 0.59350026
completed_steps 13550 - loss: 0.47423914
completed_steps 13600 - loss: 0.53455943
completed_steps 13650 - loss: 0.27099508
completed_steps 13700 - loss: 0.52901918
completed_steps 13750 - loss: 0.46637750
completed_steps 13800 - loss: 0.35525221
completed_steps 13850 - loss: 0.57511824
completed_steps 13900 - loss: 0.46360525
completed_steps 13950 - loss: 0.48918295
completed_steps 14000 - loss: 0.30184272
completed_steps 14050 - loss: 0.41995680
completed_steps 14100 - loss: 0.54649270
completed_steps 14150 - loss: 0.42209271
completed_steps 14200 - loss: 0.30409405
completed_steps 14250 - loss: 0.33445579
completed_steps 14300 - loss: 0.49764487
completed_steps 14350 - loss: 0.35419658
completed_steps 14400 - loss: 0.42221618
completed_steps 14450 - loss: 0.45047167
completed_steps 14500 - loss: 0.46046370
completed_steps 14550 - loss: 0.66202778
completed_steps 14600 - loss: 0.66061622
completed_steps 14650 - loss: 0.45624453
completed_steps 14700 - loss: 0.43875825
completed_steps 14750 - loss: 0.34224665
completed_steps 14800 - loss: 0.47144240
completed_steps 14850 - loss: 0.37185556
completed_steps 14900 - loss: 0.37291130
completed_steps 14950 - loss: 0.50227076
completed_steps 15000 - loss: 0.55055195
completed_steps 15050 - loss: 0.39059535
completed_steps 15100 - loss: 0.36014208
completed_steps 15150 - loss: 0.42140952
completed_steps 15200 - loss: 0.38507074
completed_steps 15250 - loss: 0.41745132
completed_steps 15300 - loss: 0.31678146
completed_steps 15350 - loss: 0.47150949
completed_steps 15400 - loss: 0.68414152
completed_steps 15450 - loss: 0.34303963
completed_steps 15500 - loss: 0.46813759
completed_steps 15550 - loss: 0.68578023
completed_steps 15600 - loss: 0.82572919
completed_steps 15650 - loss: 0.47332096
completed_steps 15700 - loss: 0.65709740
completed_steps 15750 - loss: 0.50303233
completed_steps 15800 - loss: 0.26383373
completed_steps 15850 - loss: 0.24914721
completed_steps 15900 - loss: 0.25248623
completed_steps 15950 - loss: 0.29520231
completed_steps 16000 - loss: 0.37593785
completed_steps 16050 - loss: 0.46306086
completed_steps 16100 - loss: 0.37434372
completed_steps 16150 - loss: 0.29677516
completed_steps 16200 - loss: 0.42748523
completed_steps 16250 - loss: 0.39665398
completed_steps 16300 - loss: 0.47633281
completed_steps 16350 - loss: 0.54202908
completed_steps 16400 - loss: 0.65790713
completed_steps 16450 - loss: 0.45121720
completed_steps 16500 - loss: 0.34788880
completed_steps 16550 - loss: 0.39526501
completed_steps 16600 - loss: 0.49992889
completed_steps 16650 - loss: 0.51650625
completed_steps 16700 - loss: 0.54694474
completed_steps 16750 - loss: 0.50409657
completed_steps 16800 - loss: 0.65151387
completed_steps 16850 - loss: 0.39656046
completed_steps 16900 - loss: 0.47370291
completed_steps 16950 - loss: 0.60103291
completed_steps 17000 - loss: 0.37674922
completed_steps 17050 - loss: 0.34508544
completed_steps 17100 - loss: 0.62541831
completed_steps 17150 - loss: 0.54467022
completed_steps 17200 - loss: 0.58219051
completed_steps 17250 - loss: 0.52073658
completed_steps 17300 - loss: 0.75197726
completed_steps 17350 - loss: 0.45512676
completed_steps 17400 - loss: 0.23710807
completed_steps 17450 - loss: 0.32269150
completed_steps 17500 - loss: 0.43833593
completed_steps 17550 - loss: 0.29556090
completed_steps 17600 - loss: 0.47468695
completed_steps 17650 - loss: 0.38383627
completed_steps 17700 - loss: 0.54699743
completed_steps 17750 - loss: 0.31948635
completed_steps 17800 - loss: 0.35525146
completed_steps 17850 - loss: 0.67768884
completed_steps 17900 - loss: 0.51473820
completed_steps 17950 - loss: 0.28910962
completed_steps 18000 - loss: 0.20385586
completed_steps 18050 - loss: 0.35930651
completed_steps 18100 - loss: 0.56983089
completed_steps 18150 - loss: 0.47189328
completed_steps 18200 - loss: 0.33367443
completed_steps 18250 - loss: 0.40147838
completed_steps 18300 - loss: 0.60657382
completed_steps 18350 - loss: 0.26785362
completed_steps 18400 - loss: 0.58728939
completed_steps 18450 - loss: 0.54317242
completed_steps 18500 - loss: 0.31632465
completed_steps 18550 - loss: 0.23328279
completed_steps 18600 - loss: 0.37584630
completed_steps 18650 - loss: 0.60462594
completed_steps 18700 - loss: 0.30877972
completed_steps 18750 - loss: 0.42081863
completed_steps 18800 - loss: 0.50299323
completed_steps 18850 - loss: 0.43218863
completed_steps 18900 - loss: 0.43672481
completed_steps 18950 - loss: 0.33066392
completed_steps 19000 - loss: 0.32008651
completed_steps 19050 - loss: 0.40386325
completed_steps 19100 - loss: 0.45222250
completed_steps 19150 - loss: 0.56464732
completed_steps 19200 - loss: 0.32808203
completed_steps 19250 - loss: 0.70873922
completed_steps 19300 - loss: 0.78153706
completed_steps 19350 - loss: 0.16781062
completed_steps 19400 - loss: 0.42643219
completed_steps 19450 - loss: 0.46219990
completed_steps 19500 - loss: 0.51181287
completed_steps 19550 - loss: 0.34819645
completed_steps 19600 - loss: 0.60538870
completed_steps 19650 - loss: 0.31812131
completed_steps 19700 - loss: 0.44891468
completed_steps 19750 - loss: 0.45411408
completed_steps 19800 - loss: 0.40531519
completed_steps 19850 - loss: 0.26496294
completed_steps 19900 - loss: 0.65069360
completed_steps 19950 - loss: 0.33690697
completed_steps 20000 - loss: 0.75199699
completed_steps 20050 - loss: 0.44077519
completed_steps 20100 - loss: 0.34093797
completed_steps 20150 - loss: 0.49478012
completed_steps 20200 - loss: 0.46598667
completed_steps 20250 - loss: 0.60681075
completed_steps 20300 - loss: 0.46915758
completed_steps 20350 - loss: 0.20566958
completed_steps 20400 - loss: 0.40992090
completed_steps 20450 - loss: 0.48948553
completed_steps 20500 - loss: 0.20148309
completed_steps 20550 - loss: 0.49849164
completed_steps 20600 - loss: 0.20988385
completed_steps 20650 - loss: 0.45374763
completed_steps 20700 - loss: 0.48504046
completed_steps 20750 - loss: 0.33104625
completed_steps 20800 - loss: 0.51722836
completed_steps 20850 - loss: 0.35746557
completed_steps 20900 - loss: 0.44536686
completed_steps 20950 - loss: 0.42642760
completed_steps 21000 - loss: 0.59411705
completed_steps 21050 - loss: 0.37557274
completed_steps 21100 - loss: 0.58424407
completed_steps 21150 - loss: 0.58669263
completed_steps 21200 - loss: 0.41664818
completed_steps 21250 - loss: 0.51211852
completed_steps 21300 - loss: 0.37395123
completed_steps 21350 - loss: 0.59921986
completed_steps 21400 - loss: 0.62462527
completed_steps 21450 - loss: 0.34824318
completed_steps 21500 - loss: 0.49481511
completed_steps 21550 - loss: 0.45136583
completed_steps 21600 - loss: 0.40723467
completed_steps 21650 - loss: 0.26026684
completed_steps 21700 - loss: 0.28930604
completed_steps 21750 - loss: 0.25247756
completed_steps 21800 - loss: 0.36872882
completed_steps 21850 - loss: 0.39782524
completed_steps 21900 - loss: 0.53483510
completed_steps 21950 - loss: 0.47050098
completed_steps 22000 - loss: 0.60920882
completed_steps 22050 - loss: 0.49458733
completed_steps 22100 - loss: 0.85109723
completed_steps 22150 - loss: 0.58761555
completed_steps 22200 - loss: 0.36170322
completed_steps 22250 - loss: 0.29161346
completed_steps 22300 - loss: 0.43983677
completed_steps 22350 - loss: 0.31451654
completed_steps 22400 - loss: 0.40249667
completed_steps 22450 - loss: 0.35411128
completed_steps 22500 - loss: 0.41062215
completed_steps 22550 - loss: 0.33594885
completed_steps 22600 - loss: 0.59707344
completed_steps 22650 - loss: 0.53729135
completed_steps 22700 - loss: 0.35258785
completed_steps 22750 - loss: 0.65486890
completed_steps 22800 - loss: 0.64940780
completed_steps 22850 - loss: 0.37631121
completed_steps 22900 - loss: 0.29701313
completed_steps 22950 - loss: 0.54514736
completed_steps 23000 - loss: 0.67329717
completed_steps 23050 - loss: 0.20596051
completed_steps 23100 - loss: 0.42386144
completed_steps 23150 - loss: 0.45248458
completed_steps 23200 - loss: 0.29485542
completed_steps 23250 - loss: 0.34448558
completed_steps 23300 - loss: 0.46248817
completed_steps 23350 - loss: 0.42797962
completed_steps 23400 - loss: 0.65246886
completed_steps 23450 - loss: 0.23867621
completed_steps 23500 - loss: 0.21558456
completed_steps 23550 - loss: 0.33693767
completed_steps 23600 - loss: 0.44119200
completed_steps 23650 - loss: 0.49602246
completed_steps 23700 - loss: 0.29370889
completed_steps 23750 - loss: 0.37053955
completed_steps 23800 - loss: 0.51426339
completed_steps 23850 - loss: 0.45840365
completed_steps 23900 - loss: 0.32919541
completed_steps 23950 - loss: 0.24370424
completed_steps 24000 - loss: 0.39184111
completed_steps 24050 - loss: 0.64284098
completed_steps 24100 - loss: 0.48046181
completed_steps 24150 - loss: 0.48454708
completed_steps 24200 - loss: 0.31585917
completed_steps 24250 - loss: 0.19209382
completed_steps 24300 - loss: 0.45962977
completed_steps 24350 - loss: 0.28160718
completed_steps 24400 - loss: 0.22210845
completed_steps 24450 - loss: 0.41846597
epoch 1: {'accuracy': 0.8090842251450044}
completed_steps 24500 - loss: 0.26772922
completed_steps 24550 - loss: 0.22862482
completed_steps 24600 - loss: 0.37209928
completed_steps 24650 - loss: 0.36191705
completed_steps 24700 - loss: 0.26131019
completed_steps 24750 - loss: 0.60615587
completed_steps 24800 - loss: 0.08456837
completed_steps 24850 - loss: 0.22743136
completed_steps 24900 - loss: 0.25059271
completed_steps 24950 - loss: 0.29503933
completed_steps 25000 - loss: 0.35828361
completed_steps 25050 - loss: 0.23702273
completed_steps 25100 - loss: 0.20380320
completed_steps 25150 - loss: 0.23863819
completed_steps 25200 - loss: 0.29741421
completed_steps 25250 - loss: 0.18780257
completed_steps 25300 - loss: 0.46453276
completed_steps 25350 - loss: 0.41673648
completed_steps 25400 - loss: 0.33538407
completed_steps 25450 - loss: 0.43968633
completed_steps 25500 - loss: 0.41377810
completed_steps 25550 - loss: 0.45692557
completed_steps 25600 - loss: 0.20969827
completed_steps 25650 - loss: 0.28799582
completed_steps 25700 - loss: 0.22936746
completed_steps 25750 - loss: 0.21281292
completed_steps 25800 - loss: 0.41569379
completed_steps 25850 - loss: 0.35305795
completed_steps 25900 - loss: 0.55987316
completed_steps 25950 - loss: 0.21520945
completed_steps 26000 - loss: 0.14659360
completed_steps 26050 - loss: 0.27328306
completed_steps 26100 - loss: 0.53471023
completed_steps 26150 - loss: 0.31740728
completed_steps 26200 - loss: 0.11244436
completed_steps 26250 - loss: 0.31856871
completed_steps 26300 - loss: 0.25862655
completed_steps 26350 - loss: 0.33880714
completed_steps 26400 - loss: 0.24881388
completed_steps 26450 - loss: 0.42838883
completed_steps 26500 - loss: 0.26460582
completed_steps 26550 - loss: 0.37078413
completed_steps 26600 - loss: 0.10591882
completed_steps 26650 - loss: 0.37778845
completed_steps 26700 - loss: 0.23687960
completed_steps 26750 - loss: 0.41310030
completed_steps 26800 - loss: 0.11775245
completed_steps 26850 - loss: 0.21020482
completed_steps 26900 - loss: 0.20918366
completed_steps 26950 - loss: 0.19580121
completed_steps 27000 - loss: 0.28791672
completed_steps 27050 - loss: 0.44233146
completed_steps 27100 - loss: 0.29778993
completed_steps 27150 - loss: 0.32370663
completed_steps 27200 - loss: 0.41881189
completed_steps 27250 - loss: 0.34062314
completed_steps 27300 - loss: 0.47365919
completed_steps 27350 - loss: 0.34252089
completed_steps 27400 - loss: 0.14619356
completed_steps 27450 - loss: 0.46237496
completed_steps 27500 - loss: 0.52663249
completed_steps 27550 - loss: 0.68525785
completed_steps 27600 - loss: 0.18919766
completed_steps 27650 - loss: 0.29326394
completed_steps 27700 - loss: 0.51755255
completed_steps 27750 - loss: 0.35195136
completed_steps 27800 - loss: 0.28323328
completed_steps 27850 - loss: 0.24869283
completed_steps 27900 - loss: 0.17246135
completed_steps 27950 - loss: 0.23101445
completed_steps 28000 - loss: 0.49805841
completed_steps 28050 - loss: 0.32455528
completed_steps 28100 - loss: 0.41038564
completed_steps 28150 - loss: 0.40080020
completed_steps 28200 - loss: 0.38282830
completed_steps 28250 - loss: 0.30467278
completed_steps 28300 - loss: 0.18201461
completed_steps 28350 - loss: 0.35833865
completed_steps 28400 - loss: 0.34241772
completed_steps 28450 - loss: 0.18176331
completed_steps 28500 - loss: 0.41748798
completed_steps 28550 - loss: 0.35260510
completed_steps 28600 - loss: 0.30928135
completed_steps 28650 - loss: 0.14706573
completed_steps 28700 - loss: 0.12708059
completed_steps 28750 - loss: 0.35613567
completed_steps 28800 - loss: 0.20072138
completed_steps 28850 - loss: 0.33250019
completed_steps 28900 - loss: 0.37144658
completed_steps 28950 - loss: 0.24596310
completed_steps 29000 - loss: 0.24907883
completed_steps 29050 - loss: 0.26257536
completed_steps 29100 - loss: 0.45690417
completed_steps 29150 - loss: 0.21411175
completed_steps 29200 - loss: 0.17158823
completed_steps 29250 - loss: 0.33123761
completed_steps 29300 - loss: 0.27594060
completed_steps 29350 - loss: 0.49894056
completed_steps 29400 - loss: 0.20631924
completed_steps 29450 - loss: 0.45838302
completed_steps 29500 - loss: 0.28832138
completed_steps 29550 - loss: 0.16002904
completed_steps 29600 - loss: 0.59326673
completed_steps 29650 - loss: 0.38093105
completed_steps 29700 - loss: 0.32261229
completed_steps 29750 - loss: 0.20196894
completed_steps 29800 - loss: 0.49743411
completed_steps 29850 - loss: 0.13858877
completed_steps 29900 - loss: 0.19372615
completed_steps 29950 - loss: 0.25056782
completed_steps 30000 - loss: 0.24601425
completed_steps 30050 - loss: 0.16893147
completed_steps 30100 - loss: 0.23978364
completed_steps 30150 - loss: 0.42166531
completed_steps 30200 - loss: 0.26080918
completed_steps 30250 - loss: 0.19376463
completed_steps 30300 - loss: 0.51803559
completed_steps 30350 - loss: 0.18762982
completed_steps 30400 - loss: 0.49307328
completed_steps 30450 - loss: 0.35116702
completed_steps 30500 - loss: 0.27274281
completed_steps 30550 - loss: 0.20530972
completed_steps 30600 - loss: 0.41704804
completed_steps 30650 - loss: 0.18987529
completed_steps 30700 - loss: 0.28991205
completed_steps 30750 - loss: 0.44114152
completed_steps 30800 - loss: 0.53354591
completed_steps 30850 - loss: 0.39399812
completed_steps 30900 - loss: 0.34772110
completed_steps 30950 - loss: 0.26494679
completed_steps 31000 - loss: 0.34477934
completed_steps 31050 - loss: 0.26720911
completed_steps 31100 - loss: 0.32820800
completed_steps 31150 - loss: 0.34539708
completed_steps 31200 - loss: 0.11537172
completed_steps 31250 - loss: 0.32258016
completed_steps 31300 - loss: 0.23301691
completed_steps 31350 - loss: 0.19245787
completed_steps 31400 - loss: 0.32522994
completed_steps 31450 - loss: 0.38767636
completed_steps 31500 - loss: 0.25876513
completed_steps 31550 - loss: 0.49885127
completed_steps 31600 - loss: 0.28222945
completed_steps 31650 - loss: 0.26902628
completed_steps 31700 - loss: 0.59113008
completed_steps 31750 - loss: 0.32688156
completed_steps 31800 - loss: 0.55839384
completed_steps 31850 - loss: 0.24671695
completed_steps 31900 - loss: 0.29684442
completed_steps 31950 - loss: 0.37378415
completed_steps 32000 - loss: 0.36080772
completed_steps 32050 - loss: 0.34496313
completed_steps 32100 - loss: 0.16281286
completed_steps 32150 - loss: 0.21773039
completed_steps 32200 - loss: 0.41379482
completed_steps 32250 - loss: 0.40763345
completed_steps 32300 - loss: 0.48310605
completed_steps 32350 - loss: 0.20472641
completed_steps 32400 - loss: 0.26454940
completed_steps 32450 - loss: 0.35516918
completed_steps 32500 - loss: 0.36628237
completed_steps 32550 - loss: 0.21113458
completed_steps 32600 - loss: 0.44183537
completed_steps 32650 - loss: 0.19458477
completed_steps 32700 - loss: 0.23736620
completed_steps 32750 - loss: 0.12611493
completed_steps 32800 - loss: 0.20175990
completed_steps 32850 - loss: 0.32056931
completed_steps 32900 - loss: 0.40617666
completed_steps 32950 - loss: 0.41750199
completed_steps 33000 - loss: 0.10859652
completed_steps 33050 - loss: 0.18873931
completed_steps 33100 - loss: 0.44401270
completed_steps 33150 - loss: 0.27710521
completed_steps 33200 - loss: 0.13263839
completed_steps 33250 - loss: 0.45225757
completed_steps 33300 - loss: 0.47811240
completed_steps 33350 - loss: 0.29424712
completed_steps 33400 - loss: 0.51452768
completed_steps 33450 - loss: 0.23639673
completed_steps 33500 - loss: 0.46759290
completed_steps 33550 - loss: 0.39293858
completed_steps 33600 - loss: 0.50434494
completed_steps 33650 - loss: 0.15495621
completed_steps 33700 - loss: 0.35068354
completed_steps 33750 - loss: 0.35525835
completed_steps 33800 - loss: 0.19617043
completed_steps 33850 - loss: 0.34447607
completed_steps 33900 - loss: 0.37602735
completed_steps 33950 - loss: 0.19147073
completed_steps 34000 - loss: 0.49666083
completed_steps 34050 - loss: 0.20231704
completed_steps 34100 - loss: 0.25619400
completed_steps 34150 - loss: 0.14416960
completed_steps 34200 - loss: 0.17420614
completed_steps 34250 - loss: 0.29554191
completed_steps 34300 - loss: 0.23775125
completed_steps 34350 - loss: 0.39882466
completed_steps 34400 - loss: 0.54648221
completed_steps 34450 - loss: 0.23373225
completed_steps 34500 - loss: 0.09898062
completed_steps 34550 - loss: 0.27768108
completed_steps 34600 - loss: 0.43600258
completed_steps 34650 - loss: 0.36328155
completed_steps 34700 - loss: 0.06576745
completed_steps 34750 - loss: 0.39402816
completed_steps 34800 - loss: 0.19323549
completed_steps 34850 - loss: 0.17235062
completed_steps 34900 - loss: 0.15937108
completed_steps 34950 - loss: 0.43946812
completed_steps 35000 - loss: 0.17519757
completed_steps 35050 - loss: 0.36008671
completed_steps 35100 - loss: 0.51216894
completed_steps 35150 - loss: 0.32388440
completed_steps 35200 - loss: 0.37861341
completed_steps 35250 - loss: 0.51115036
completed_steps 35300 - loss: 0.26168585
completed_steps 35350 - loss: 0.51152772
completed_steps 35400 - loss: 0.19326052
completed_steps 35450 - loss: 0.53045100
completed_steps 35500 - loss: 0.24034992
completed_steps 35550 - loss: 0.70544350
completed_steps 35600 - loss: 0.08360909
completed_steps 35650 - loss: 0.35709706
completed_steps 35700 - loss: 0.31409743
completed_steps 35750 - loss: 0.30144408
completed_steps 35800 - loss: 0.37864080
completed_steps 35850 - loss: 0.36793369
completed_steps 35900 - loss: 0.22686595
completed_steps 35950 - loss: 0.23783308
completed_steps 36000 - loss: 0.33337685
completed_steps 36050 - loss: 0.38783190
completed_steps 36100 - loss: 0.58476448
completed_steps 36150 - loss: 0.22388585
completed_steps 36200 - loss: 0.19305322
completed_steps 36250 - loss: 0.29294306
completed_steps 36300 - loss: 0.21791285
completed_steps 36350 - loss: 0.23313059
completed_steps 36400 - loss: 0.35651100
completed_steps 36450 - loss: 0.32038841
completed_steps 36500 - loss: 0.12205733
completed_steps 36550 - loss: 0.32640955
completed_steps 36600 - loss: 0.35005954
completed_steps 36650 - loss: 0.22743544
completed_steps 36700 - loss: 0.41292608
epoch 2: {'accuracy': 0.8051629768809738}
completed_steps 36750 - loss: 0.14608076
completed_steps 36800 - loss: 0.32114577
completed_steps 36850 - loss: 0.16856794
completed_steps 36900 - loss: 0.22930279
completed_steps 36950 - loss: 0.19430275
completed_steps 37000 - loss: 0.25753877
completed_steps 37050 - loss: 0.32672805
completed_steps 37100 - loss: 0.19386524
completed_steps 37150 - loss: 0.13498130
completed_steps 37200 - loss: 0.10428059
completed_steps 37250 - loss: 0.06470430
completed_steps 37300 - loss: 0.17824557
completed_steps 37350 - loss: 0.20759408
completed_steps 37400 - loss: 0.09420412
completed_steps 37450 - loss: 0.07160643
completed_steps 37500 - loss: 0.36765587
completed_steps 37550 - loss: 0.12886566
completed_steps 37600 - loss: 0.21756971
completed_steps 37650 - loss: 0.08299602
completed_steps 37700 - loss: 0.14513959
completed_steps 37750 - loss: 0.17429060
completed_steps 37800 - loss: 0.03290881
completed_steps 37850 - loss: 0.11787948
completed_steps 37900 - loss: 0.09427813
completed_steps 37950 - loss: 0.27374840
completed_steps 38000 - loss: 0.04995365
completed_steps 38050 - loss: 0.34547687
completed_steps 38100 - loss: 0.18584451
completed_steps 38150 - loss: 0.25757173
completed_steps 38200 - loss: 0.23705989
completed_steps 38250 - loss: 0.08923675
completed_steps 38300 - loss: 0.14099209
completed_steps 38350 - loss: 0.30029821
completed_steps 38400 - loss: 0.10422304
completed_steps 38450 - loss: 0.10191648
completed_steps 38500 - loss: 0.40280810
completed_steps 38550 - loss: 0.38297024
completed_steps 38600 - loss: 0.23337118
completed_steps 38650 - loss: 0.36729997
completed_steps 38700 - loss: 0.27778140
completed_steps 38750 - loss: 0.26537120
completed_steps 38800 - loss: 0.26883760
completed_steps 38850 - loss: 0.40888512
completed_steps 38900 - loss: 0.53874683
completed_steps 38950 - loss: 0.23622164
completed_steps 39000 - loss: 0.30731079
completed_steps 39050 - loss: 0.21266392
completed_steps 39100 - loss: 0.32416764
completed_steps 39150 - loss: 0.32112300
completed_steps 39200 - loss: 0.16255793
completed_steps 39250 - loss: 0.40995881
completed_steps 39300 - loss: 0.09301991
completed_steps 39350 - loss: 0.33346707
completed_steps 39400 - loss: 0.15657547
completed_steps 39450 - loss: 0.22419401
completed_steps 39500 - loss: 0.10036922
completed_steps 39550 - loss: 0.06119089
completed_steps 39600 - loss: 0.44078386
completed_steps 39650 - loss: 0.07746083
completed_steps 39700 - loss: 0.05559364
completed_steps 39750 - loss: 0.10759804
completed_steps 39800 - loss: 0.30982226
completed_steps 39850 - loss: 0.09572121
completed_steps 39900 - loss: 0.30711833
completed_steps 39950 - loss: 0.25354630
completed_steps 40000 - loss: 0.27179241
completed_steps 40050 - loss: 0.20204502
completed_steps 40100 - loss: 0.13482490
completed_steps 40150 - loss: 0.10317259
completed_steps 40200 - loss: 0.26273358
completed_steps 40250 - loss: 0.12625316
completed_steps 40300 - loss: 0.10111947
completed_steps 40350 - loss: 0.26654539
completed_steps 40400 - loss: 0.34184051
completed_steps 40450 - loss: 0.32991397
completed_steps 40500 - loss: 0.25283718
completed_steps 40550 - loss: 0.32891774
completed_steps 40600 - loss: 0.07638514
completed_steps 40650 - loss: 0.23463280
completed_steps 40700 - loss: 0.56805885
completed_steps 40750 - loss: 0.12257747
completed_steps 40800 - loss: 0.45098820
completed_steps 40850 - loss: 0.31359941
completed_steps 40900 - loss: 0.38404673
completed_steps 40950 - loss: 0.16990103
completed_steps 41000 - loss: 0.23735045
completed_steps 41050 - loss: 0.22851491
completed_steps 41100 - loss: 0.22371171
completed_steps 41150 - loss: 0.25446701
completed_steps 41200 - loss: 0.20199807
completed_steps 41250 - loss: 0.22170097
completed_steps 41300 - loss: 0.26879162
completed_steps 41350 - loss: 0.24061096
completed_steps 41400 - loss: 0.21805342
completed_steps 41450 - loss: 0.17190528
completed_steps 41500 - loss: 0.22336183
completed_steps 41550 - loss: 0.27950442
completed_steps 41600 - loss: 0.32369712
completed_steps 41650 - loss: 0.04619871
completed_steps 41700 - loss: 0.39640224
completed_steps 41750 - loss: 0.11267740
completed_steps 41800 - loss: 0.30987257
completed_steps 41850 - loss: 0.15157299
completed_steps 41900 - loss: 0.17292230
completed_steps 41950 - loss: 0.12396041
completed_steps 42000 - loss: 0.32204437
completed_steps 42050 - loss: 0.25479552
completed_steps 42100 - loss: 0.35002369
completed_steps 42150 - loss: 0.11381663
completed_steps 42200 - loss: 0.23478329
completed_steps 42250 - loss: 0.30763012
completed_steps 42300 - loss: 0.21094212
completed_steps 42350 - loss: 0.15267411
completed_steps 42400 - loss: 0.20935972
completed_steps 42450 - loss: 0.20108783
completed_steps 42500 - loss: 0.33678424
completed_steps 42550 - loss: 0.32951906
completed_steps 42600 - loss: 0.11737749
completed_steps 42650 - loss: 0.33874151
completed_steps 42700 - loss: 0.21983650
completed_steps 42750 - loss: 0.07408432
completed_steps 42800 - loss: 0.11140134
completed_steps 42850 - loss: 0.06656951
completed_steps 42900 - loss: 0.17771031
completed_steps 42950 - loss: 0.23590383
completed_steps 43000 - loss: 0.14504457
completed_steps 43050 - loss: 0.19148307
completed_steps 43100 - loss: 0.26110962
completed_steps 43150 - loss: 0.18922417
completed_steps 43200 - loss: 0.16243625
completed_steps 43250 - loss: 0.53109485
completed_steps 43300 - loss: 0.36997470
completed_steps 43350 - loss: 0.08074190
completed_steps 43400 - loss: 0.24990892
completed_steps 43450 - loss: 0.08249400
completed_steps 43500 - loss: 0.05108498
completed_steps 43550 - loss: 0.07994709
completed_steps 43600 - loss: 0.19296522
completed_steps 43650 - loss: 0.26572812
completed_steps 43700 - loss: 0.22471640
completed_steps 43750 - loss: 0.19616212
completed_steps 43800 - loss: 0.15704308
completed_steps 43850 - loss: 0.16639824
completed_steps 43900 - loss: 0.16087048
completed_steps 43950 - loss: 0.44481707
completed_steps 44000 - loss: 0.12529586
completed_steps 44050 - loss: 0.16797268
completed_steps 44100 - loss: 0.28987345
completed_steps 44150 - loss: 0.22883028
completed_steps 44200 - loss: 0.59552372
completed_steps 44250 - loss: 0.29869992
completed_steps 44300 - loss: 0.25099370
completed_steps 44350 - loss: 0.29361820
completed_steps 44400 - loss: 0.28601483
completed_steps 44450 - loss: 0.25609359
completed_steps 44500 - loss: 0.25103489
completed_steps 44550 - loss: 0.09871412
completed_steps 44600 - loss: 0.32918262
completed_steps 44650 - loss: 0.13712060
completed_steps 44700 - loss: 0.41097081
completed_steps 44750 - loss: 0.27668068
completed_steps 44800 - loss: 0.11288610
completed_steps 44850 - loss: 0.46588269
completed_steps 44900 - loss: 0.36389661
completed_steps 44950 - loss: 0.07183027
completed_steps 45000 - loss: 0.17586349
completed_steps 45050 - loss: 0.12824047
completed_steps 45100 - loss: 0.15509857
completed_steps 45150 - loss: 0.14456546
completed_steps 45200 - loss: 0.37004775
completed_steps 45250 - loss: 0.28251719
completed_steps 45300 - loss: 0.34693503
completed_steps 45350 - loss: 0.16287637
completed_steps 45400 - loss: 0.16408138
completed_steps 45450 - loss: 0.22811416
completed_steps 45500 - loss: 0.14154099
completed_steps 45550 - loss: 0.07971297
completed_steps 45600 - loss: 0.11634932
completed_steps 45650 - loss: 0.20605952
completed_steps 45700 - loss: 0.18161312
completed_steps 45750 - loss: 0.21266632
completed_steps 45800 - loss: 0.06980027
completed_steps 45850 - loss: 0.57593113
completed_steps 45900 - loss: 0.16564484
completed_steps 45950 - loss: 0.21372707
completed_steps 46000 - loss: 0.27126130
completed_steps 46050 - loss: 0.24295869
completed_steps 46100 - loss: 0.11520684
completed_steps 46150 - loss: 0.17081270
completed_steps 46200 - loss: 0.25408903
completed_steps 46250 - loss: 0.22414672
completed_steps 46300 - loss: 0.24812520
completed_steps 46350 - loss: 0.24837002
completed_steps 46400 - loss: 0.10927714
completed_steps 46450 - loss: 0.11823248
completed_steps 46500 - loss: 0.08641504
completed_steps 46550 - loss: 0.22936741
completed_steps 46600 - loss: 0.15995899
completed_steps 46650 - loss: 0.18562490
completed_steps 46700 - loss: 0.47990450
completed_steps 46750 - loss: 0.10155404
completed_steps 46800 - loss: 0.14621164
completed_steps 46850 - loss: 0.17841692
completed_steps 46900 - loss: 0.15808496
completed_steps 46950 - loss: 0.16312027
completed_steps 47000 - loss: 0.15692489
completed_steps 47050 - loss: 0.10777336
completed_steps 47100 - loss: 0.29971254
completed_steps 47150 - loss: 0.28634742
completed_steps 47200 - loss: 0.09751210
completed_steps 47250 - loss: 0.15546827
completed_steps 47300 - loss: 0.26261467
completed_steps 47350 - loss: 0.20265059
completed_steps 47400 - loss: 0.33414072
completed_steps 47450 - loss: 0.14857717
completed_steps 47500 - loss: 0.12017585
completed_steps 47550 - loss: 0.20999654
completed_steps 47600 - loss: 0.31857723
completed_steps 47650 - loss: 0.25700018
completed_steps 47700 - loss: 0.13573697
completed_steps 47750 - loss: 0.10723452
completed_steps 47800 - loss: 0.02886160
completed_steps 47850 - loss: 0.17167002
completed_steps 47900 - loss: 0.26641318
completed_steps 47950 - loss: 0.26555103
completed_steps 48000 - loss: 0.33589640
completed_steps 48050 - loss: 0.20451351
completed_steps 48100 - loss: 0.37051708
completed_steps 48150 - loss: 0.15086439
completed_steps 48200 - loss: 0.39550522
completed_steps 48250 - loss: 0.22153229
completed_steps 48300 - loss: 0.59330219
completed_steps 48350 - loss: 0.27624527
completed_steps 48400 - loss: 0.08708294
completed_steps 48450 - loss: 0.23039046
completed_steps 48500 - loss: 0.21635753
completed_steps 48550 - loss: 0.30373827
completed_steps 48600 - loss: 0.28689995
completed_steps 48650 - loss: 0.19798435
completed_steps 48700 - loss: 0.18477605
completed_steps 48750 - loss: 0.35746631
completed_steps 48800 - loss: 0.17897928
completed_steps 48850 - loss: 0.08255365
completed_steps 48900 - loss: 0.36700913
completed_steps 48950 - loss: 0.11516672
epoch 3: {'accuracy': 0.8050812842088064}
completed_steps 49000 - loss: 0.09447413
completed_steps 49050 - loss: 0.12764946
completed_steps 49100 - loss: 0.26753771
completed_steps 49150 - loss: 0.12644814
completed_steps 49200 - loss: 0.34429884
completed_steps 49250 - loss: 0.20499641
completed_steps 49300 - loss: 0.16606782
completed_steps 49350 - loss: 0.03801371
completed_steps 49400 - loss: 0.02970338
completed_steps 49450 - loss: 0.07842670
completed_steps 49500 - loss: 0.08234267
completed_steps 49550 - loss: 0.02780783
completed_steps 49600 - loss: 0.01353587
completed_steps 49650 - loss: 0.21554872
completed_steps 49700 - loss: 0.10010977
completed_steps 49750 - loss: 0.23029758
completed_steps 49800 - loss: 0.03304368
completed_steps 49850 - loss: 0.14590338
completed_steps 49900 - loss: 0.03601919
completed_steps 49950 - loss: 0.13562025
completed_steps 50000 - loss: 0.13926150
completed_steps 50050 - loss: 0.07485076
completed_steps 50100 - loss: 0.45699432
completed_steps 50150 - loss: 0.20941953
completed_steps 50200 - loss: 0.07858155
completed_steps 50250 - loss: 0.12869357
completed_steps 50300 - loss: 0.03853375
completed_steps 50350 - loss: 0.09280672
completed_steps 50400 - loss: 0.05282521
completed_steps 50450 - loss: 0.11724096
completed_steps 50500 - loss: 0.32399318
completed_steps 50550 - loss: 0.02958030
completed_steps 50600 - loss: 0.42027363
completed_steps 50650 - loss: 0.08941269
completed_steps 50700 - loss: 0.09277539
completed_steps 50750 - loss: 0.16846867
completed_steps 50800 - loss: 0.03483427
completed_steps 50850 - loss: 0.05237484
completed_steps 50900 - loss: 0.01993413
completed_steps 50950 - loss: 0.20816231
completed_steps 51000 - loss: 0.04775799
completed_steps 51050 - loss: 0.35518935
completed_steps 51100 - loss: 0.17286547
completed_steps 51150 - loss: 0.02888947
completed_steps 51200 - loss: 0.04330459
completed_steps 51250 - loss: 0.28960478
completed_steps 51300 - loss: 0.06650534
completed_steps 51350 - loss: 0.17449264
completed_steps 51400 - loss: 0.11176914
completed_steps 51450 - loss: 0.02579445
completed_steps 51500 - loss: 0.16503149
completed_steps 51550 - loss: 0.17580195
completed_steps 51600 - loss: 0.36241791
completed_steps 51650 - loss: 0.06921914
completed_steps 51700 - loss: 0.15994380
completed_steps 51750 - loss: 0.07275126
completed_steps 51800 - loss: 0.10683302
completed_steps 51850 - loss: 0.14465365
completed_steps 51900 - loss: 0.11289652
completed_steps 51950 - loss: 0.18928707
completed_steps 52000 - loss: 0.07972106
completed_steps 52050 - loss: 0.28320301
completed_steps 52100 - loss: 0.10278799
completed_steps 52150 - loss: 0.08769704
completed_steps 52200 - loss: 0.09389100
completed_steps 52250 - loss: 0.10174377
completed_steps 52300 - loss: 0.21220106
completed_steps 52350 - loss: 0.27764487
completed_steps 52400 - loss: 0.11118248
completed_steps 52450 - loss: 0.17343046
completed_steps 52500 - loss: 0.20309900
completed_steps 52550 - loss: 0.16594517
completed_steps 52600 - loss: 0.22449653
completed_steps 52650 - loss: 0.13567984
completed_steps 52700 - loss: 0.19945610
completed_steps 52750 - loss: 0.10710148
completed_steps 52800 - loss: 0.07528456
completed_steps 52850 - loss: 0.28119251
completed_steps 52900 - loss: 0.07063725
completed_steps 52950 - loss: 0.06550431
completed_steps 53000 - loss: 0.15750760
completed_steps 53050 - loss: 0.32286933
completed_steps 53100 - loss: 0.11555931
completed_steps 53150 - loss: 0.14515443
completed_steps 53200 - loss: 0.46602646
completed_steps 53250 - loss: 0.27610010
completed_steps 53300 - loss: 0.23373596
completed_steps 53350 - loss: 0.26235795
completed_steps 53400 - loss: 0.39524543
completed_steps 53450 - loss: 0.24640542
completed_steps 53500 - loss: 0.29057756
completed_steps 53550 - loss: 0.11229409
completed_steps 53600 - loss: 0.09501319
completed_steps 53650 - loss: 0.14627194
completed_steps 53700 - loss: 0.15058118
completed_steps 53750 - loss: 0.06234829
completed_steps 53800 - loss: 0.28798375
completed_steps 53850 - loss: 0.08313905
completed_steps 53900 - loss: 0.36774260
completed_steps 53950 - loss: 0.11018078
completed_steps 54000 - loss: 0.34449449
completed_steps 54050 - loss: 0.25813693
completed_steps 54100 - loss: 0.09734064
completed_steps 54150 - loss: 0.29568914
completed_steps 54200 - loss: 0.15613762
completed_steps 54250 - loss: 0.12931590
completed_steps 54300 - loss: 0.25459048
completed_steps 54350 - loss: 0.22178593
completed_steps 54400 - loss: 0.10327341
completed_steps 54450 - loss: 0.18305285
completed_steps 54500 - loss: 0.24321431
completed_steps 54550 - loss: 0.02585141
completed_steps 54600 - loss: 0.14474078
completed_steps 54650 - loss: 0.34496498
completed_steps 54700 - loss: 0.15259752
completed_steps 54750 - loss: 0.07572216
completed_steps 54800 - loss: 0.30954620
completed_steps 54850 - loss: 0.17907417
completed_steps 54900 - loss: 0.08117624
completed_steps 54950 - loss: 0.17395164
completed_steps 55000 - loss: 0.33530986
completed_steps 55050 - loss: 0.04907446
completed_steps 55100 - loss: 0.17931312
completed_steps 55150 - loss: 0.11011113
completed_steps 55200 - loss: 0.33300719
completed_steps 55250 - loss: 0.08889659
completed_steps 55300 - loss: 0.36934590
completed_steps 55350 - loss: 0.11977561
completed_steps 55400 - loss: 0.14537385
completed_steps 55450 - loss: 0.15240927
completed_steps 55500 - loss: 0.18364364
completed_steps 55550 - loss: 0.24022722
completed_steps 55600 - loss: 0.06006014
completed_steps 55650 - loss: 0.07411881
completed_steps 55700 - loss: 0.07980133
completed_steps 55750 - loss: 0.19643296
completed_steps 55800 - loss: 0.07453938
completed_steps 55850 - loss: 0.07501797
completed_steps 55900 - loss: 0.09603012
completed_steps 55950 - loss: 0.15425175
completed_steps 56000 - loss: 0.13267064
completed_steps 56050 - loss: 0.06994735
completed_steps 56100 - loss: 0.25674132
completed_steps 56150 - loss: 0.20327337
completed_steps 56200 - loss: 0.02536814
completed_steps 56250 - loss: 0.10101513
completed_steps 56300 - loss: 0.20889831
completed_steps 56350 - loss: 0.10651247
completed_steps 56400 - loss: 0.10624719
completed_steps 56450 - loss: 0.26236683
completed_steps 56500 - loss: 0.06119679
completed_steps 56550 - loss: 0.06830680
completed_steps 56600 - loss: 0.07125440
completed_steps 56650 - loss: 0.24064490
completed_steps 56700 - loss: 0.32700321
completed_steps 56750 - loss: 0.18333210
completed_steps 56800 - loss: 0.14364034
completed_steps 56850 - loss: 0.07290180
completed_steps 56900 - loss: 0.08811677
completed_steps 56950 - loss: 0.09968133
completed_steps 57000 - loss: 0.21010073
completed_steps 57050 - loss: 0.22488387
completed_steps 57100 - loss: 0.02517821
completed_steps 57150 - loss: 0.34010318
completed_steps 57200 - loss: 0.08609391
completed_steps 57250 - loss: 0.36421999
completed_steps 57300 - loss: 0.06929355
completed_steps 57350 - loss: 0.09536150
completed_steps 57400 - loss: 0.07883229
completed_steps 57450 - loss: 0.18005365
completed_steps 57500 - loss: 0.14237905
completed_steps 57550 - loss: 0.33375651
completed_steps 57600 - loss: 0.15130325
completed_steps 57650 - loss: 0.16223350
completed_steps 57700 - loss: 0.14405923
completed_steps 57750 - loss: 0.02567903
completed_steps 57800 - loss: 0.11264959
completed_steps 57850 - loss: 0.19418924
completed_steps 57900 - loss: 0.25399807
completed_steps 57950 - loss: 0.12623703
completed_steps 58000 - loss: 0.25678095
completed_steps 58050 - loss: 0.19564499
completed_steps 58100 - loss: 0.54988384
completed_steps 58150 - loss: 0.19839883
completed_steps 58200 - loss: 0.16269468
completed_steps 58250 - loss: 0.19796544
completed_steps 58300 - loss: 0.16689411
completed_steps 58350 - loss: 0.15177271
completed_steps 58400 - loss: 0.23141514
completed_steps 58450 - loss: 0.20419014
completed_steps 58500 - loss: 0.24185225
completed_steps 58550 - loss: 0.13002849
completed_steps 58600 - loss: 0.30231294
completed_steps 58650 - loss: 0.03096129
completed_steps 58700 - loss: 0.03678181
completed_steps 58750 - loss: 0.06463716
completed_steps 58800 - loss: 0.13093340
completed_steps 58850 - loss: 0.25374755
completed_steps 58900 - loss: 0.15184656
completed_steps 58950 - loss: 0.22060883
completed_steps 59000 - loss: 0.15047450
completed_steps 59050 - loss: 0.19656891
completed_steps 59100 - loss: 0.29171196
completed_steps 59150 - loss: 0.28718334
completed_steps 59200 - loss: 0.05599796
completed_steps 59250 - loss: 0.14850330
completed_steps 59300 - loss: 0.05541880
completed_steps 59350 - loss: 0.26281464
completed_steps 59400 - loss: 0.24374089
completed_steps 59450 - loss: 0.19655219
completed_steps 59500 - loss: 0.04865696
completed_steps 59550 - loss: 0.14062403
completed_steps 59600 - loss: 0.26729077
completed_steps 59650 - loss: 0.07605544
completed_steps 59700 - loss: 0.19826628
completed_steps 59750 - loss: 0.24021956
completed_steps 59800 - loss: 0.03573909
completed_steps 59850 - loss: 0.34137666
completed_steps 59900 - loss: 0.13630329
completed_steps 59950 - loss: 0.19791834
completed_steps 60000 - loss: 0.26158896
completed_steps 60050 - loss: 0.07439526
completed_steps 60100 - loss: 0.22118531
completed_steps 60150 - loss: 0.18435998
completed_steps 60200 - loss: 0.05300677
completed_steps 60250 - loss: 0.30715105
completed_steps 60300 - loss: 0.17415439
completed_steps 60350 - loss: 0.31508571
completed_steps 60400 - loss: 0.24822429
completed_steps 60450 - loss: 0.17960747
completed_steps 60500 - loss: 0.05684569
completed_steps 60550 - loss: 0.26109591
completed_steps 60600 - loss: 0.16614352
completed_steps 60650 - loss: 0.06464709
completed_steps 60700 - loss: 0.28812525
completed_steps 60750 - loss: 0.20186768
completed_steps 60800 - loss: 0.05788548
completed_steps 60850 - loss: 0.14924178
completed_steps 60900 - loss: 0.19348207
completed_steps 60950 - loss: 0.04170829
completed_steps 61000 - loss: 0.13293462
completed_steps 61050 - loss: 0.10995267
completed_steps 61100 - loss: 0.17570621
completed_steps 61150 - loss: 0.27085471
completed_steps 61200 - loss: 0.09215277
epoch 4: {'accuracy': 0.7978923290580835}
completed_steps 61250 - loss: 0.14100201
completed_steps 61300 - loss: 0.06959264
completed_steps 61350 - loss: 0.05118282
completed_steps 61400 - loss: 0.01485983
completed_steps 61450 - loss: 0.08399419
completed_steps 61500 - loss: 0.14298138
completed_steps 61550 - loss: 0.10922075
completed_steps 61600 - loss: 0.00724031
completed_steps 61650 - loss: 0.05353374
completed_steps 61700 - loss: 0.00433050
completed_steps 61750 - loss: 0.07281623
completed_steps 61800 - loss: 0.05710464
completed_steps 61850 - loss: 0.00780997
completed_steps 61900 - loss: 0.13679245
completed_steps 61950 - loss: 0.08731144
completed_steps 62000 - loss: 0.09312251
completed_steps 62050 - loss: 0.02044512
completed_steps 62100 - loss: 0.06637877
completed_steps 62150 - loss: 0.16242927
completed_steps 62200 - loss: 0.02200439
completed_steps 62250 - loss: 0.05867619
completed_steps 62300 - loss: 0.03811418
completed_steps 62350 - loss: 0.18268692
completed_steps 62400 - loss: 0.01614386
completed_steps 62450 - loss: 0.02729930
completed_steps 62500 - loss: 0.26921004
completed_steps 62550 - loss: 0.06158271
completed_steps 62600 - loss: 0.01739628
completed_steps 62650 - loss: 0.04774659
completed_steps 62700 - loss: 0.16546872
completed_steps 62750 - loss: 0.01384125
completed_steps 62800 - loss: 0.02129792
completed_steps 62850 - loss: 0.25097093
completed_steps 62900 - loss: 0.21977755
completed_steps 62950 - loss: 0.24949977
completed_steps 63000 - loss: 0.23401563
completed_steps 63050 - loss: 0.05806994
completed_steps 63100 - loss: 0.12808700
completed_steps 63150 - loss: 0.02351460
completed_steps 63200 - loss: 0.03244211
completed_steps 63250 - loss: 0.04878823
completed_steps 63300 - loss: 0.09817997
completed_steps 63350 - loss: 0.10724249
completed_steps 63400 - loss: 0.06323975
completed_steps 63450 - loss: 0.01649858
completed_steps 63500 - loss: 0.10345188
completed_steps 63550 - loss: 0.08990255
completed_steps 63600 - loss: 0.34555727
completed_steps 63650 - loss: 0.11474014
completed_steps 63700 - loss: 0.05913910
completed_steps 63750 - loss: 0.00964318
completed_steps 63800 - loss: 0.04809213
completed_steps 63850 - loss: 0.07484254
completed_steps 63900 - loss: 0.04854705
completed_steps 63950 - loss: 0.15641753
completed_steps 64000 - loss: 0.01795618
completed_steps 64050 - loss: 0.01705081
completed_steps 64100 - loss: 0.07381386
completed_steps 64150 - loss: 0.15256943
completed_steps 64200 - loss: 0.10265837
completed_steps 64250 - loss: 0.32757246
completed_steps 64300 - loss: 0.03514826
completed_steps 64350 - loss: 0.11357105
completed_steps 64400 - loss: 0.01701184
completed_steps 64450 - loss: 0.05162590
completed_steps 64500 - loss: 0.04361141
completed_steps 64550 - loss: 0.03525874
completed_steps 64600 - loss: 0.27851486
completed_steps 64650 - loss: 0.21867834
completed_steps 64700 - loss: 0.03790301
completed_steps 64750 - loss: 0.04895661
completed_steps 64800 - loss: 0.01583416
completed_steps 64850 - loss: 0.04321810
completed_steps 64900 - loss: 0.13888624
completed_steps 64950 - loss: 0.03086550
completed_steps 65000 - loss: 0.07927268
completed_steps 65050 - loss: 0.01579410
completed_steps 65100 - loss: 0.01601201
completed_steps 65150 - loss: 0.18037499
completed_steps 65200 - loss: 0.05832212
completed_steps 65250 - loss: 0.15458535
completed_steps 65300 - loss: 0.13357882
completed_steps 65350 - loss: 0.25239432
completed_steps 65400 - loss: 0.12443653
completed_steps 65450 - loss: 0.04808558
completed_steps 65500 - loss: 0.46903685
completed_steps 65550 - loss: 0.13013393
completed_steps 65600 - loss: 0.06642788
completed_steps 65650 - loss: 0.14627686
completed_steps 65700 - loss: 0.09155216
completed_steps 65750 - loss: 0.01335096
completed_steps 65800 - loss: 0.05209695
completed_steps 65850 - loss: 0.01043195
completed_steps 65900 - loss: 0.22900270
completed_steps 65950 - loss: 0.01151665
completed_steps 66000 - loss: 0.02729062
completed_steps 66050 - loss: 0.03690570
completed_steps 66100 - loss: 0.24212071
completed_steps 66150 - loss: 0.01295768
completed_steps 66200 - loss: 0.01845563
completed_steps 66250 - loss: 0.04806941
completed_steps 66300 - loss: 0.15096921
completed_steps 66350 - loss: 0.15733336
completed_steps 66400 - loss: 0.20528005
completed_steps 66450 - loss: 0.13458632
completed_steps 66500 - loss: 0.09916184
completed_steps 66550 - loss: 0.12969361
completed_steps 66600 - loss: 0.12104054
completed_steps 66650 - loss: 0.01489661
completed_steps 66700 - loss: 0.33918843
completed_steps 66750 - loss: 0.13931210
completed_steps 66800 - loss: 0.09035242
completed_steps 66850 - loss: 0.11299480
completed_steps 66900 - loss: 0.06426790
completed_steps 66950 - loss: 0.09177310
completed_steps 67000 - loss: 0.30679548
completed_steps 67050 - loss: 0.03972074
completed_steps 67100 - loss: 0.08053646
completed_steps 67150 - loss: 0.15179816
completed_steps 67200 - loss: 0.07978448
completed_steps 67250 - loss: 0.07927440
completed_steps 67300 - loss: 0.15318951
completed_steps 67350 - loss: 0.01091425
completed_steps 67400 - loss: 0.05605772
completed_steps 67450 - loss: 0.36656716
completed_steps 67500 - loss: 0.01217873
completed_steps 67550 - loss: 0.04936844
completed_steps 67600 - loss: 0.13128658
completed_steps 67650 - loss: 0.12804633
completed_steps 67700 - loss: 0.10375546
completed_steps 67750 - loss: 0.17202486
completed_steps 67800 - loss: 0.01195272
completed_steps 67850 - loss: 0.03495857
completed_steps 67900 - loss: 0.10653505
completed_steps 67950 - loss: 0.17217214
completed_steps 68000 - loss: 0.03242104
completed_steps 68050 - loss: 0.06970246
completed_steps 68100 - loss: 0.09583381
completed_steps 68150 - loss: 0.11972866
completed_steps 68200 - loss: 0.04180755
completed_steps 68250 - loss: 0.21078785
completed_steps 68300 - loss: 0.05960932
completed_steps 68350 - loss: 0.20679705
completed_steps 68400 - loss: 0.11584698
completed_steps 68450 - loss: 0.05732366
completed_steps 68500 - loss: 0.04535082
completed_steps 68550 - loss: 0.09831551
completed_steps 68600 - loss: 0.03536950
completed_steps 68650 - loss: 0.08705963
completed_steps 68700 - loss: 0.09755550
completed_steps 68750 - loss: 0.02432779
completed_steps 68800 - loss: 0.13299012
completed_steps 68850 - loss: 0.04024391
completed_steps 68900 - loss: 0.07670618
completed_steps 68950 - loss: 0.07183656
completed_steps 69000 - loss: 0.05271771
completed_steps 69050 - loss: 0.22656831
completed_steps 69100 - loss: 0.20053148
completed_steps 69150 - loss: 0.02873603
completed_steps 69200 - loss: 0.02029185
completed_steps 69250 - loss: 0.02800867
completed_steps 69300 - loss: 0.13139559
completed_steps 69350 - loss: 0.04296353
completed_steps 69400 - loss: 0.06103560
completed_steps 69450 - loss: 0.38480222
completed_steps 69500 - loss: 0.12792775
completed_steps 69550 - loss: 0.01360306
completed_steps 69600 - loss: 0.14066118
completed_steps 69650 - loss: 0.07042812
completed_steps 69700 - loss: 0.04757579
completed_steps 69750 - loss: 0.09833191
completed_steps 69800 - loss: 0.15556534
completed_steps 69850 - loss: 0.10485172
completed_steps 69900 - loss: 0.05391015
completed_steps 69950 - loss: 0.13608702
completed_steps 70000 - loss: 0.03577050
completed_steps 70050 - loss: 0.02608638
completed_steps 70100 - loss: 0.17939459
completed_steps 70150 - loss: 0.08605751
completed_steps 70200 - loss: 0.07685373
completed_steps 70250 - loss: 0.04297561
completed_steps 70300 - loss: 0.15285669
completed_steps 70350 - loss: 0.09752632
completed_steps 70400 - loss: 0.12557721
completed_steps 70450 - loss: 0.08334835
completed_steps 70500 - loss: 0.31305376
completed_steps 70550 - loss: 0.13332310
completed_steps 70600 - loss: 0.02117165
completed_steps 70650 - loss: 0.13627639
completed_steps 70700 - loss: 0.04511417
completed_steps 70750 - loss: 0.05741734
completed_steps 70800 - loss: 0.07098985
completed_steps 70850 - loss: 0.15498489
completed_steps 70900 - loss: 0.33490872
completed_steps 70950 - loss: 0.04963841
completed_steps 71000 - loss: 0.23555633
completed_steps 71050 - loss: 0.17401095
completed_steps 71100 - loss: 0.04613262
completed_steps 71150 - loss: 0.16161223
completed_steps 71200 - loss: 0.18511501
completed_steps 71250 - loss: 0.00748746
completed_steps 71300 - loss: 0.17251837
completed_steps 71350 - loss: 0.06718537
completed_steps 71400 - loss: 0.13392705
completed_steps 71450 - loss: 0.19858687
completed_steps 71500 - loss: 0.06658781
completed_steps 71550 - loss: 0.12872854
completed_steps 71600 - loss: 0.04518874
completed_steps 71650 - loss: 0.13854319
completed_steps 71700 - loss: 0.13206221
completed_steps 71750 - loss: 0.03425354
completed_steps 71800 - loss: 0.11230952
completed_steps 71850 - loss: 0.09605023
completed_steps 71900 - loss: 0.16497609
completed_steps 71950 - loss: 0.05248921
completed_steps 72000 - loss: 0.00890301
completed_steps 72050 - loss: 0.21199830
completed_steps 72100 - loss: 0.17613864
completed_steps 72150 - loss: 0.10313579
completed_steps 72200 - loss: 0.17140441
completed_steps 72250 - loss: 0.13794625
completed_steps 72300 - loss: 0.05727402
completed_steps 72350 - loss: 0.18737736
completed_steps 72400 - loss: 0.14540479
completed_steps 72450 - loss: 0.13940144
completed_steps 72500 - loss: 0.08325239
completed_steps 72550 - loss: 0.06686390
completed_steps 72600 - loss: 0.04837862
completed_steps 72650 - loss: 0.02187985
completed_steps 72700 - loss: 0.21882498
completed_steps 72750 - loss: 0.09413143
completed_steps 72800 - loss: 0.09827041
completed_steps 72850 - loss: 0.14039114
completed_steps 72900 - loss: 0.14200196
completed_steps 72950 - loss: 0.01973748
completed_steps 73000 - loss: 0.13728429
completed_steps 73050 - loss: 0.01692271
completed_steps 73100 - loss: 0.06801576
completed_steps 73150 - loss: 0.18997499
completed_steps 73200 - loss: 0.02045712
completed_steps 73250 - loss: 0.05231838
completed_steps 73300 - loss: 0.08329374
completed_steps 73350 - loss: 0.02461801
completed_steps 73400 - loss: 0.32246375
completed_steps 73450 - loss: 0.19997357
epoch 5: {'accuracy': 0.7960133975982354}
completed_steps 73500 - loss: 0.05550976
completed_steps 73550 - loss: 0.02503600
completed_steps 73600 - loss: 0.08884317
completed_steps 73650 - loss: 0.01032447
completed_steps 73700 - loss: 0.01199467
completed_steps 73750 - loss: 0.00985889
completed_steps 73800 - loss: 0.15225351
completed_steps 73850 - loss: 0.02771292
completed_steps 73900 - loss: 0.04692119
completed_steps 73950 - loss: 0.01790457
completed_steps 74000 - loss: 0.04856080
completed_steps 74050 - loss: 0.04434171
completed_steps 74100 - loss: 0.02032044
completed_steps 74150 - loss: 0.00685262
completed_steps 74200 - loss: 0.13297735
completed_steps 74250 - loss: 0.01062512
completed_steps 74300 - loss: 0.03706485
completed_steps 74350 - loss: 0.06121084
completed_steps 74400 - loss: 0.05185966
completed_steps 74450 - loss: 0.06098250
completed_steps 74500 - loss: 0.02259911
completed_steps 74550 - loss: 0.16107266
completed_steps 74600 - loss: 0.01060737
completed_steps 74650 - loss: 0.08026577
completed_steps 74700 - loss: 0.02249726
completed_steps 74750 - loss: 0.05035693
completed_steps 74800 - loss: 0.05390074
completed_steps 74850 - loss: 0.02242977
completed_steps 74900 - loss: 0.03200926
completed_steps 74950 - loss: 0.01002037
completed_steps 75000 - loss: 0.01174774
completed_steps 75050 - loss: 0.02673572
completed_steps 75100 - loss: 0.07663223
completed_steps 75150 - loss: 0.02566039
completed_steps 75200 - loss: 0.13557978
completed_steps 75250 - loss: 0.16332172
completed_steps 75300 - loss: 0.10836843
completed_steps 75350 - loss: 0.08712517
completed_steps 75400 - loss: 0.01288303
completed_steps 75450 - loss: 0.03853755
completed_steps 75500 - loss: 0.13798587
completed_steps 75550 - loss: 0.03151890
completed_steps 75600 - loss: 0.03401657
completed_steps 75650 - loss: 0.02503069
completed_steps 75700 - loss: 0.01011639
completed_steps 75750 - loss: 0.05560809
completed_steps 75800 - loss: 0.00583195
completed_steps 75850 - loss: 0.04171616
completed_steps 75900 - loss: 0.01184990
completed_steps 75950 - loss: 0.01531713
completed_steps 76000 - loss: 0.01232142
completed_steps 76050 - loss: 0.01671349
completed_steps 76100 - loss: 0.09823332
completed_steps 76150 - loss: 0.03638203
completed_steps 76200 - loss: 0.10303702
completed_steps 76250 - loss: 0.00801764
completed_steps 76300 - loss: 0.01177192
completed_steps 76350 - loss: 0.17822182
completed_steps 76400 - loss: 0.00616996
completed_steps 76450 - loss: 0.02633132
completed_steps 76500 - loss: 0.11608236
completed_steps 76550 - loss: 0.00981816
completed_steps 76600 - loss: 0.04820576
completed_steps 76650 - loss: 0.02276955
completed_steps 76700 - loss: 0.10653403
completed_steps 76750 - loss: 0.02641215
completed_steps 76800 - loss: 0.17077304
completed_steps 76850 - loss: 0.07687062
completed_steps 76900 - loss: 0.11473095
completed_steps 76950 - loss: 0.00546026
completed_steps 77000 - loss: 0.11063638
completed_steps 77050 - loss: 0.04467117
completed_steps 77100 - loss: 0.06928232
completed_steps 77150 - loss: 0.11964358
completed_steps 77200 - loss: 0.09371281
completed_steps 77250 - loss: 0.05923918
completed_steps 77300 - loss: 0.07340287
completed_steps 77350 - loss: 0.00831776
completed_steps 77400 - loss: 0.24690409
completed_steps 77450 - loss: 0.06904832
completed_steps 77500 - loss: 0.01307288
completed_steps 77550 - loss: 0.04820132
completed_steps 77600 - loss: 0.02910612
completed_steps 77650 - loss: 0.00754277
completed_steps 77700 - loss: 0.11698309
completed_steps 77750 - loss: 0.08903480
completed_steps 77800 - loss: 0.01534510
completed_steps 77850 - loss: 0.35420725
completed_steps 77900 - loss: 0.01068366
completed_steps 77950 - loss: 0.07395023
completed_steps 78000 - loss: 0.05983810
completed_steps 78050 - loss: 0.06996889
completed_steps 78100 - loss: 0.06515076
completed_steps 78150 - loss: 0.01850025
completed_steps 78200 - loss: 0.10645794
completed_steps 78250 - loss: 0.02850437
completed_steps 78300 - loss: 0.07218217
completed_steps 78350 - loss: 0.13919286
completed_steps 78400 - loss: 0.02574452
completed_steps 78450 - loss: 0.14265268
completed_steps 78500 - loss: 0.05486016
completed_steps 78550 - loss: 0.12649032
completed_steps 78600 - loss: 0.09011382
completed_steps 78650 - loss: 0.10000679
completed_steps 78700 - loss: 0.11490285
completed_steps 78750 - loss: 0.29921326
completed_steps 78800 - loss: 0.07094041
completed_steps 78850 - loss: 0.11604254
completed_steps 78900 - loss: 0.02194147
completed_steps 78950 - loss: 0.00546980
completed_steps 79000 - loss: 0.12445156
completed_steps 79050 - loss: 0.08582389
completed_steps 79100 - loss: 0.15689625
completed_steps 79150 - loss: 0.07795607
completed_steps 79200 - loss: 0.03081186
completed_steps 79250 - loss: 0.08914315
completed_steps 79300 - loss: 0.06061709
completed_steps 79350 - loss: 0.03216806
completed_steps 79400 - loss: 0.13377757
completed_steps 79450 - loss: 0.21737053
completed_steps 79500 - loss: 0.03270241
completed_steps 79550 - loss: 0.15118413
completed_steps 79600 - loss: 0.17464750
completed_steps 79650 - loss: 0.13138191
completed_steps 79700 - loss: 0.02881007
completed_steps 79750 - loss: 0.23202142
completed_steps 79800 - loss: 0.01245644
completed_steps 79850 - loss: 0.01885474
completed_steps 79900 - loss: 0.16126283
completed_steps 79950 - loss: 0.12270539
completed_steps 80000 - loss: 0.07218086
completed_steps 80050 - loss: 0.09732308
completed_steps 80100 - loss: 0.00999439
completed_steps 80150 - loss: 0.26797503
completed_steps 80200 - loss: 0.06199910
completed_steps 80250 - loss: 0.11378709
completed_steps 80300 - loss: 0.02173190
completed_steps 80350 - loss: 0.16219258
completed_steps 80400 - loss: 0.01011922
completed_steps 80450 - loss: 0.00730146
completed_steps 80500 - loss: 0.17614812
completed_steps 80550 - loss: 0.07944033
completed_steps 80600 - loss: 0.02541292
completed_steps 80650 - loss: 0.08477667
completed_steps 80700 - loss: 0.08725376
completed_steps 80750 - loss: 0.06555172
completed_steps 80800 - loss: 0.37767419
completed_steps 80850 - loss: 0.03000381
completed_steps 80900 - loss: 0.20394398
completed_steps 80950 - loss: 0.52015072
completed_steps 81000 - loss: 0.14337288
completed_steps 81050 - loss: 0.04366114
completed_steps 81100 - loss: 0.01529745
completed_steps 81150 - loss: 0.02224182
completed_steps 81200 - loss: 0.15822296
completed_steps 81250 - loss: 0.04236060
completed_steps 81300 - loss: 0.01321230
completed_steps 81350 - loss: 0.08930417
completed_steps 81400 - loss: 0.05379397
completed_steps 81450 - loss: 0.01492481
completed_steps 81500 - loss: 0.42878470
completed_steps 81550 - loss: 0.10979175
completed_steps 81600 - loss: 0.10404502
completed_steps 81650 - loss: 0.01812208
completed_steps 81700 - loss: 0.10311255
completed_steps 81750 - loss: 0.01470468
completed_steps 81800 - loss: 0.01886534
completed_steps 81850 - loss: 0.06330832
completed_steps 81900 - loss: 0.11797974
completed_steps 81950 - loss: 0.01889104
completed_steps 82000 - loss: 0.15154977
completed_steps 82050 - loss: 0.20184141
completed_steps 82100 - loss: 0.14482990
completed_steps 82150 - loss: 0.00357082
completed_steps 82200 - loss: 0.07835778
completed_steps 82250 - loss: 0.07270346
completed_steps 82300 - loss: 0.09234393
completed_steps 82350 - loss: 0.05120279
completed_steps 82400 - loss: 0.06633174
completed_steps 82450 - loss: 0.18148495
completed_steps 82500 - loss: 0.04564104
completed_steps 82550 - loss: 0.02011280
completed_steps 82600 - loss: 0.06264238
completed_steps 82650 - loss: 0.34506109
completed_steps 82700 - loss: 0.22655311
completed_steps 82750 - loss: 0.06820967
completed_steps 82800 - loss: 0.08256641
completed_steps 82850 - loss: 0.12149842
completed_steps 82900 - loss: 0.07011873
completed_steps 82950 - loss: 0.06603087
completed_steps 83000 - loss: 0.08031246
completed_steps 83050 - loss: 0.00666252
completed_steps 83100 - loss: 0.06125906
completed_steps 83150 - loss: 0.19338484
completed_steps 83200 - loss: 0.10782527
completed_steps 83250 - loss: 0.06200482
completed_steps 83300 - loss: 0.01282077
completed_steps 83350 - loss: 0.06364070
completed_steps 83400 - loss: 0.08277289
completed_steps 83450 - loss: 0.02623569
completed_steps 83500 - loss: 0.04432718
completed_steps 83550 - loss: 0.01885189
completed_steps 83600 - loss: 0.05426881
completed_steps 83650 - loss: 0.09288252
completed_steps 83700 - loss: 0.03890593
completed_steps 83750 - loss: 0.09797559
completed_steps 83800 - loss: 0.27198145
completed_steps 83850 - loss: 0.15346903
completed_steps 83900 - loss: 0.02601658
completed_steps 83950 - loss: 0.15501545
completed_steps 84000 - loss: 0.06569032
completed_steps 84050 - loss: 0.10048174
completed_steps 84100 - loss: 0.03538528
completed_steps 84150 - loss: 0.02167011
completed_steps 84200 - loss: 0.08025590
completed_steps 84250 - loss: 0.05192485
completed_steps 84300 - loss: 0.01311261
completed_steps 84350 - loss: 0.09731431
completed_steps 84400 - loss: 0.02139875
completed_steps 84450 - loss: 0.05411114
completed_steps 84500 - loss: 0.17105894
completed_steps 84550 - loss: 0.00963532
completed_steps 84600 - loss: 0.07583029
completed_steps 84650 - loss: 0.16393292
completed_steps 84700 - loss: 0.04363980
completed_steps 84750 - loss: 0.01138935
completed_steps 84800 - loss: 0.06369510
completed_steps 84850 - loss: 0.09546753
completed_steps 84900 - loss: 0.16745655
completed_steps 84950 - loss: 0.43134046
completed_steps 85000 - loss: 0.09826549
completed_steps 85050 - loss: 0.08552180
completed_steps 85100 - loss: 0.09549635
completed_steps 85150 - loss: 0.05319706
completed_steps 85200 - loss: 0.23573136
completed_steps 85250 - loss: 0.07151114
completed_steps 85300 - loss: 0.03070115
completed_steps 85350 - loss: 0.05350021
completed_steps 85400 - loss: 0.07052851
completed_steps 85450 - loss: 0.20903613
completed_steps 85500 - loss: 0.03499154
completed_steps 85550 - loss: 0.02537566
completed_steps 85600 - loss: 0.16146809
completed_steps 85650 - loss: 0.16465779
completed_steps 85700 - loss: 0.02693311
epoch 6: {'accuracy': 0.7880892083980067}
completed_steps 85750 - loss: 0.17965405
completed_steps 85800 - loss: 0.15703259
completed_steps 85850 - loss: 0.19367942
completed_steps 85900 - loss: 0.03164028
completed_steps 85950 - loss: 0.00239288
completed_steps 86000 - loss: 0.05150148
completed_steps 86050 - loss: 0.13551381
completed_steps 86100 - loss: 0.06364787
completed_steps 86150 - loss: 0.00592530
completed_steps 86200 - loss: 0.00849627
completed_steps 86250 - loss: 0.13802448
completed_steps 86300 - loss: 0.22143906
completed_steps 86350 - loss: 0.04279043
completed_steps 86400 - loss: 0.01939024
completed_steps 86450 - loss: 0.08116493
completed_steps 86500 - loss: 0.02584124
completed_steps 86550 - loss: 0.11044415
completed_steps 86600 - loss: 0.00919229
completed_steps 86650 - loss: 0.03073905
completed_steps 86700 - loss: 0.01308039
completed_steps 86750 - loss: 0.02707015
completed_steps 86800 - loss: 0.02351114
completed_steps 86850 - loss: 0.01186143
completed_steps 86900 - loss: 0.02631092
completed_steps 86950 - loss: 0.01001071
completed_steps 87000 - loss: 0.01230379
completed_steps 87050 - loss: 0.01568263
completed_steps 87100 - loss: 0.01887863
completed_steps 87150 - loss: 0.04925783
completed_steps 87200 - loss: 0.03623686
completed_steps 87250 - loss: 0.03887107
completed_steps 87300 - loss: 0.05465658
completed_steps 87350 - loss: 0.03684128
completed_steps 87400 - loss: 0.05007454
completed_steps 87450 - loss: 0.02408578
completed_steps 87500 - loss: 0.11917381
completed_steps 87550 - loss: 0.00999511
completed_steps 87600 - loss: 0.01084650
completed_steps 87650 - loss: 0.05306925
completed_steps 87700 - loss: 0.00213446
completed_steps 87750 - loss: 0.04877476
completed_steps 87800 - loss: 0.00825280
completed_steps 87850 - loss: 0.01013838
completed_steps 87900 - loss: 0.03217039
completed_steps 87950 - loss: 0.07220328
completed_steps 88000 - loss: 0.05911927
completed_steps 88050 - loss: 0.00577018
completed_steps 88100 - loss: 0.00469393
completed_steps 88150 - loss: 0.02236481
completed_steps 88200 - loss: 0.02144955
completed_steps 88250 - loss: 0.01459678
completed_steps 88300 - loss: 0.09944727
completed_steps 88350 - loss: 0.00532795
completed_steps 88400 - loss: 0.00398989
completed_steps 88450 - loss: 0.00991738
completed_steps 88500 - loss: 0.07792906
completed_steps 88550 - loss: 0.04037259
completed_steps 88600 - loss: 0.00887946
completed_steps 88650 - loss: 0.00841261
completed_steps 88700 - loss: 0.02035382
completed_steps 88750 - loss: 0.01805485
completed_steps 88800 - loss: 0.00440510
completed_steps 88850 - loss: 0.20670527
completed_steps 88900 - loss: 0.14679287
completed_steps 88950 - loss: 0.06214247
completed_steps 89000 - loss: 0.08853503
completed_steps 89050 - loss: 0.02992408
completed_steps 89100 - loss: 0.03087910
completed_steps 89150 - loss: 0.01621312
completed_steps 89200 - loss: 0.25615805
completed_steps 89250 - loss: 0.01008148
completed_steps 89300 - loss: 0.03311517
completed_steps 89350 - loss: 0.02566112
completed_steps 89400 - loss: 0.00564587
completed_steps 89450 - loss: 0.01484172
completed_steps 89500 - loss: 0.08885488
completed_steps 89550 - loss: 0.12958647
completed_steps 89600 - loss: 0.04733526
completed_steps 89650 - loss: 0.00546805
completed_steps 89700 - loss: 0.19838978
completed_steps 89750 - loss: 0.14690638
completed_steps 89800 - loss: 0.00245415
completed_steps 89850 - loss: 0.01245814
completed_steps 89900 - loss: 0.11278728
completed_steps 89950 - loss: 0.00220299
completed_steps 90000 - loss: 0.01909764
completed_steps 90050 - loss: 0.05558410
completed_steps 90100 - loss: 0.03581609
completed_steps 90150 - loss: 0.21580811
completed_steps 90200 - loss: 0.05430672
completed_steps 90250 - loss: 0.01199673
completed_steps 90300 - loss: 0.02052579
completed_steps 90350 - loss: 0.03053669
completed_steps 90400 - loss: 0.18121898
completed_steps 90450 - loss: 0.01557632
completed_steps 90500 - loss: 0.02360410
completed_steps 90550 - loss: 0.00607689
completed_steps 90600 - loss: 0.12027018
completed_steps 90650 - loss: 0.00668215
completed_steps 90700 - loss: 0.05258726
completed_steps 90750 - loss: 0.00377024
completed_steps 90800 - loss: 0.11423971
completed_steps 90850 - loss: 0.05569400
completed_steps 90900 - loss: 0.10686241
completed_steps 90950 - loss: 0.04093880
completed_steps 91000 - loss: 0.05365122
completed_steps 91050 - loss: 0.10426628
completed_steps 91100 - loss: 0.00966599
completed_steps 91150 - loss: 0.00569289
completed_steps 91200 - loss: 0.34431413
completed_steps 91250 - loss: 0.10512649
completed_steps 91300 - loss: 0.01021808
completed_steps 91350 - loss: 0.01832607
completed_steps 91400 - loss: 0.01201693
completed_steps 91450 - loss: 0.06704628
completed_steps 91500 - loss: 0.14151584
completed_steps 91550 - loss: 0.01646504
completed_steps 91600 - loss: 0.16959186
completed_steps 91650 - loss: 0.08601100
completed_steps 91700 - loss: 0.01678837
completed_steps 91750 - loss: 0.05583302
completed_steps 91800 - loss: 0.16848424
completed_steps 91850 - loss: 0.04950400
completed_steps 91900 - loss: 0.03817333
completed_steps 91950 - loss: 0.01420663
completed_steps 92000 - loss: 0.03221423
completed_steps 92050 - loss: 0.05025312
completed_steps 92100 - loss: 0.01300125
completed_steps 92150 - loss: 0.02214788
completed_steps 92200 - loss: 0.13277479
completed_steps 92250 - loss: 0.07187722
completed_steps 92300 - loss: 0.02039833
completed_steps 92350 - loss: 0.00699332
completed_steps 92400 - loss: 0.08388962
completed_steps 92450 - loss: 0.14736216
completed_steps 92500 - loss: 0.06925793
completed_steps 92550 - loss: 0.11403583
completed_steps 92600 - loss: 0.10417914
completed_steps 92650 - loss: 0.25034526
completed_steps 92700 - loss: 0.17166799
completed_steps 92750 - loss: 0.01431188
completed_steps 92800 - loss: 0.03375183
completed_steps 92850 - loss: 0.18157187
completed_steps 92900 - loss: 0.03361525
completed_steps 92950 - loss: 0.05190636
completed_steps 93000 - loss: 0.02415368
completed_steps 93050 - loss: 0.20070237
completed_steps 93100 - loss: 0.30933157
completed_steps 93150 - loss: 0.08237628
completed_steps 93200 - loss: 0.14214632
completed_steps 93250 - loss: 0.00805323
completed_steps 93300 - loss: 0.09166809
completed_steps 93350 - loss: 0.01606927
completed_steps 93400 - loss: 0.10288590
completed_steps 93450 - loss: 0.04171026
completed_steps 93500 - loss: 0.00370237
completed_steps 93550 - loss: 0.24564976
completed_steps 93600 - loss: 0.07463587
completed_steps 93650 - loss: 0.13826741
completed_steps 93700 - loss: 0.06819392
completed_steps 93750 - loss: 0.11208387
completed_steps 93800 - loss: 0.01382676
completed_steps 93850 - loss: 0.04579503
completed_steps 93900 - loss: 0.00567180
completed_steps 93950 - loss: 0.08346068
completed_steps 94000 - loss: 0.01178538
completed_steps 94050 - loss: 0.03316426
completed_steps 94100 - loss: 0.06754369
completed_steps 94150 - loss: 0.10961829
completed_steps 94200 - loss: 0.14704899
completed_steps 94250 - loss: 0.00757738
completed_steps 94300 - loss: 0.12368069
completed_steps 94350 - loss: 0.09032201
completed_steps 94400 - loss: 0.25198478
completed_steps 94450 - loss: 0.06126650
completed_steps 94500 - loss: 0.02826872
completed_steps 94550 - loss: 0.01027119
completed_steps 94600 - loss: 0.02391305
completed_steps 94650 - loss: 0.01665618
completed_steps 94700 - loss: 0.05309200
completed_steps 94750 - loss: 0.00450602
completed_steps 94800 - loss: 0.02133692
completed_steps 94850 - loss: 0.30811629
completed_steps 94900 - loss: 0.00292921
completed_steps 94950 - loss: 0.18116760
completed_steps 95000 - loss: 0.02860665
completed_steps 95050 - loss: 0.19660161
completed_steps 95100 - loss: 0.14761679
completed_steps 95150 - loss: 0.06701280
completed_steps 95200 - loss: 0.04205472
completed_steps 95250 - loss: 0.04073691
completed_steps 95300 - loss: 0.10956179
completed_steps 95350 - loss: 0.03537103
completed_steps 95400 - loss: 0.04339170
completed_steps 95450 - loss: 0.02457934
completed_steps 95500 - loss: 0.02027579
completed_steps 95550 - loss: 0.18031506
completed_steps 95600 - loss: 0.23531167
completed_steps 95650 - loss: 0.01691354
completed_steps 95700 - loss: 0.02475593
completed_steps 95750 - loss: 0.00677758
completed_steps 95800 - loss: 0.16280967
completed_steps 95850 - loss: 0.01580706
completed_steps 95900 - loss: 0.00658351
completed_steps 95950 - loss: 0.09815808
completed_steps 96000 - loss: 0.09698740
completed_steps 96050 - loss: 0.02568863
completed_steps 96100 - loss: 0.00365688
completed_steps 96150 - loss: 0.03573862
completed_steps 96200 - loss: 0.02314290
completed_steps 96250 - loss: 0.01445141
completed_steps 96300 - loss: 0.01780866
completed_steps 96350 - loss: 0.16625883
completed_steps 96400 - loss: 0.02942864
completed_steps 96450 - loss: 0.04917911
completed_steps 96500 - loss: 0.08282701
completed_steps 96550 - loss: 0.09323665
completed_steps 96600 - loss: 0.05810932
completed_steps 96650 - loss: 0.08983256
completed_steps 96700 - loss: 0.11617804
completed_steps 96750 - loss: 0.08454281
completed_steps 96800 - loss: 0.11372831
completed_steps 96850 - loss: 0.17983976
completed_steps 96900 - loss: 0.08769481
completed_steps 96950 - loss: 0.01662942
completed_steps 97000 - loss: 0.11670315
completed_steps 97050 - loss: 0.02867604
completed_steps 97100 - loss: 0.09969895
completed_steps 97150 - loss: 0.02588263
completed_steps 97200 - loss: 0.02361192
completed_steps 97250 - loss: 0.04920992
completed_steps 97300 - loss: 0.00558341
completed_steps 97350 - loss: 0.03582286
completed_steps 97400 - loss: 0.07721900
completed_steps 97450 - loss: 0.23189178
completed_steps 97500 - loss: 0.02305822
completed_steps 97550 - loss: 0.10895377
completed_steps 97600 - loss: 0.00699881
completed_steps 97650 - loss: 0.08412337
completed_steps 97700 - loss: 0.13982569
completed_steps 97750 - loss: 0.01922047
completed_steps 97800 - loss: 0.08423007
completed_steps 97850 - loss: 0.03817727
completed_steps 97900 - loss: 0.01508513
completed_steps 97950 - loss: 0.03383433
epoch 7: {'accuracy': 0.7943795441548893}
completed_steps 98000 - loss: 0.03153023
completed_steps 98050 - loss: 0.00317751
completed_steps 98100 - loss: 0.00372740
completed_steps 98150 - loss: 0.02032075
completed_steps 98200 - loss: 0.01420135
completed_steps 98250 - loss: 0.07215995
completed_steps 98300 - loss: 0.04179309
completed_steps 98350 - loss: 0.09909601
completed_steps 98400 - loss: 0.04163674
completed_steps 98450 - loss: 0.15088625
completed_steps 98500 - loss: 0.00732398
completed_steps 98550 - loss: 0.04765882
completed_steps 98600 - loss: 0.36313319
completed_steps 98650 - loss: 0.09214988
completed_steps 98700 - loss: 0.01204808
completed_steps 98750 - loss: 0.07007008
completed_steps 98800 - loss: 0.09384753
completed_steps 98850 - loss: 0.01446293
completed_steps 98900 - loss: 0.00664074
completed_steps 98950 - loss: 0.03806184
completed_steps 99000 - loss: 0.01426826
completed_steps 99050 - loss: 0.00625992
completed_steps 99100 - loss: 0.11715051
completed_steps 99150 - loss: 0.00666313
completed_steps 99200 - loss: 0.01281587
completed_steps 99250 - loss: 0.00127226
completed_steps 99300 - loss: 0.01356922
completed_steps 99350 - loss: 0.09498490
completed_steps 99400 - loss: 0.01466100
completed_steps 99450 - loss: 0.02334367
completed_steps 99500 - loss: 0.05370012
completed_steps 99550 - loss: 0.00306144
completed_steps 99600 - loss: 0.00362791
completed_steps 99650 - loss: 0.00807822
completed_steps 99700 - loss: 0.00310184
completed_steps 99750 - loss: 0.03476620
completed_steps 99800 - loss: 0.04941148
completed_steps 99850 - loss: 0.07807378
completed_steps 99900 - loss: 0.04349579
completed_steps 99950 - loss: 0.11092876
completed_steps 100000 - loss: 0.01089140
completed_steps 100050 - loss: 0.18415016
completed_steps 100100 - loss: 0.05624292
completed_steps 100150 - loss: 0.00738641
completed_steps 100200 - loss: 0.00195815
completed_steps 100250 - loss: 0.00102490
completed_steps 100300 - loss: 0.00589613
completed_steps 100350 - loss: 0.10566346
completed_steps 100400 - loss: 0.05083233
completed_steps 100450 - loss: 0.00689851
completed_steps 100500 - loss: 0.15951189
completed_steps 100550 - loss: 0.02797768
completed_steps 100600 - loss: 0.20159093
completed_steps 100650 - loss: 0.01014098
completed_steps 100700 - loss: 0.04372119
completed_steps 100750 - loss: 0.04688899
completed_steps 100800 - loss: 0.00304132
completed_steps 100850 - loss: 0.00655982
completed_steps 100900 - loss: 0.02430851
completed_steps 100950 - loss: 0.02923879
completed_steps 101000 - loss: 0.01194169
completed_steps 101050 - loss: 0.03183947
completed_steps 101100 - loss: 0.01820502
completed_steps 101150 - loss: 0.02088621
completed_steps 101200 - loss: 0.01050357
completed_steps 101250 - loss: 0.19517809
completed_steps 101300 - loss: 0.01605481
completed_steps 101350 - loss: 0.00810904
completed_steps 101400 - loss: 0.02694477
completed_steps 101450 - loss: 0.00673345
completed_steps 101500 - loss: 0.00807411
completed_steps 101550 - loss: 0.02824434
completed_steps 101600 - loss: 0.13250855
completed_steps 101650 - loss: 0.07582811
completed_steps 101700 - loss: 0.08195386
completed_steps 101750 - loss: 0.05829139
completed_steps 101800 - loss: 0.00924233
completed_steps 101850 - loss: 0.11691433
completed_steps 101900 - loss: 0.10256027
completed_steps 101950 - loss: 0.01213621
completed_steps 102000 - loss: 0.03773474
completed_steps 102050 - loss: 0.03145206
completed_steps 102100 - loss: 0.14404377
completed_steps 102150 - loss: 0.00761496
completed_steps 102200 - loss: 0.02849518
completed_steps 102250 - loss: 0.07159209
completed_steps 102300 - loss: 0.01451599
completed_steps 102350 - loss: 0.01249479
completed_steps 102400 - loss: 0.18366249
completed_steps 102450 - loss: 0.01520389
completed_steps 102500 - loss: 0.07896963
completed_steps 102550 - loss: 0.00719502
completed_steps 102600 - loss: 0.02554979
completed_steps 102650 - loss: 0.00740473
completed_steps 102700 - loss: 0.14455341
completed_steps 102750 - loss: 0.08450873
completed_steps 102800 - loss: 0.19036271
completed_steps 102850 - loss: 0.00402585
completed_steps 102900 - loss: 0.02038003
completed_steps 102950 - loss: 0.00678323
completed_steps 103000 - loss: 0.01705872
completed_steps 103050 - loss: 0.01603022
completed_steps 103100 - loss: 0.05560509
completed_steps 103150 - loss: 0.02861481
completed_steps 103200 - loss: 0.00870595
completed_steps 103250 - loss: 0.05510014
completed_steps 103300 - loss: 0.13227241
completed_steps 103350 - loss: 0.04558849
completed_steps 103400 - loss: 0.06592695
completed_steps 103450 - loss: 0.06646623
completed_steps 103500 - loss: 0.01138507
completed_steps 103550 - loss: 0.01267114
completed_steps 103600 - loss: 0.03173129
completed_steps 103650 - loss: 0.02199767
completed_steps 103700 - loss: 0.08379273
completed_steps 103750 - loss: 0.04716428
completed_steps 103800 - loss: 0.04183561
completed_steps 103850 - loss: 0.00715077
completed_steps 103900 - loss: 0.16601969
completed_steps 103950 - loss: 0.02381106
completed_steps 104000 - loss: 0.01990893
completed_steps 104050 - loss: 0.07047610
completed_steps 104100 - loss: 0.06239899
completed_steps 104150 - loss: 0.06580500
completed_steps 104200 - loss: 0.01586273
completed_steps 104250 - loss: 0.14138915
completed_steps 104300 - loss: 0.12656593
completed_steps 104350 - loss: 0.05711093
completed_steps 104400 - loss: 0.13219231
completed_steps 104450 - loss: 0.02921856
completed_steps 104500 - loss: 0.06721695
completed_steps 104550 - loss: 0.03219183
completed_steps 104600 - loss: 0.00752213
completed_steps 104650 - loss: 0.01556354
completed_steps 104700 - loss: 0.03416863
completed_steps 104750 - loss: 0.15963116
completed_steps 104800 - loss: 0.02679849
completed_steps 104850 - loss: 0.00329753
completed_steps 104900 - loss: 0.13154398
completed_steps 104950 - loss: 0.00176874
completed_steps 105000 - loss: 0.02555567
completed_steps 105050 - loss: 0.10551461
completed_steps 105100 - loss: 0.02972013
completed_steps 105150 - loss: 0.01887768
completed_steps 105200 - loss: 0.34402135
completed_steps 105250 - loss: 0.02985293
completed_steps 105300 - loss: 0.16992988
completed_steps 105350 - loss: 0.00183709
completed_steps 105400 - loss: 0.02497854
completed_steps 105450 - loss: 0.18178882
completed_steps 105500 - loss: 0.20685464
completed_steps 105550 - loss: 0.00399492
completed_steps 105600 - loss: 0.04154530
completed_steps 105650 - loss: 0.08240040
completed_steps 105700 - loss: 0.00574603
completed_steps 105750 - loss: 0.00783895
completed_steps 105800 - loss: 0.01847138
completed_steps 105850 - loss: 0.11322866
completed_steps 105900 - loss: 0.01807584
completed_steps 105950 - loss: 0.06221657
completed_steps 106000 - loss: 0.05466436
completed_steps 106050 - loss: 0.04972861
completed_steps 106100 - loss: 0.05446743
completed_steps 106150 - loss: 0.04952627
completed_steps 106200 - loss: 0.03611029
completed_steps 106250 - loss: 0.23914899
completed_steps 106300 - loss: 0.12939154
completed_steps 106350 - loss: 0.13347311
completed_steps 106400 - loss: 0.06165219
completed_steps 106450 - loss: 0.04319628
completed_steps 106500 - loss: 0.09808513
completed_steps 106550 - loss: 0.02564263
completed_steps 106600 - loss: 0.04993513
completed_steps 106650 - loss: 0.07341494
completed_steps 106700 - loss: 0.04177666
completed_steps 106750 - loss: 0.02553680
completed_steps 106800 - loss: 0.01169733
completed_steps 106850 - loss: 0.00726709
completed_steps 106900 - loss: 0.09158432
completed_steps 106950 - loss: 0.11035271
completed_steps 107000 - loss: 0.04155102
completed_steps 107050 - loss: 0.00796624
completed_steps 107100 - loss: 0.05901593
completed_steps 107150 - loss: 0.00799697
completed_steps 107200 - loss: 0.02688278
completed_steps 107250 - loss: 0.03758221
completed_steps 107300 - loss: 0.08996081
completed_steps 107350 - loss: 0.15111195
completed_steps 107400 - loss: 0.07034582
completed_steps 107450 - loss: 0.01089519
completed_steps 107500 - loss: 0.00457875
completed_steps 107550 - loss: 0.07535099
completed_steps 107600 - loss: 0.00881860
completed_steps 107650 - loss: 0.00183789
completed_steps 107700 - loss: 0.03365439
completed_steps 107750 - loss: 0.17807639
